<?xml version="1.0" encoding="UTF-8"?>
<coverage generated="1754996845418" clover="3.2.0">
  <project timestamp="1754996845418" name="All files">
    <metrics statements="333" coveredstatements="193" conditionals="194" coveredconditionals="84" methods="63" coveredmethods="44" elements="590" coveredelements="321" complexity="0" loc="333" ncloc="333" packages="1" files="2" classes="2"/>
    <file name="ble-manager.js" path="/app/ble-manager.js">
      <metrics statements="183" coveredstatements="129" conditionals="123" coveredconditionals="66" methods="45" coveredmethods="39"/>
      <line num="7" count="2" type="stmt"/>
      <line num="9" count="2" type="stmt"/>
      <line num="12" count="2" type="stmt"/>
      <line num="14" count="2" type="stmt"/>
      <line num="17" count="2" type="stmt"/>
      <line num="18" count="3" type="stmt"/>
      <line num="19" count="3" type="cond" truecount="2" falsecount="0"/>
      <line num="20" count="2" type="stmt"/>
      <line num="22" count="1" type="stmt"/>
      <line num="27" count="2" type="stmt"/>
      <line num="28" count="2" type="stmt"/>
      <line num="32" count="2" type="stmt"/>
      <line num="33" count="1" type="stmt"/>
      <line num="37" count="2" type="stmt"/>
      <line num="39" count="9" type="cond" truecount="1" falsecount="1"/>
      <line num="40" count="9" type="cond" truecount="1" falsecount="1"/>
      <line num="41" count="9" type="stmt"/>
      <line num="52" count="1" type="stmt"/>
      <line num="73" count="9" type="stmt"/>
      <line num="75" count="9" type="cond" truecount="2" falsecount="0"/>
      <line num="76" count="1" type="stmt"/>
      <line num="80" count="8" type="cond" truecount="3" falsecount="1"/>
      <line num="81" count="0" type="cond" truecount="0" falsecount="4"/>
      <line num="82" count="0" type="stmt"/>
      <line num="84" count="0" type="stmt"/>
      <line num="86" count="0" type="stmt"/>
      <line num="89" count="8" type="stmt"/>
      <line num="91" count="8" type="stmt"/>
      <line num="92" count="8" type="stmt"/>
      <line num="94" count="8" type="stmt"/>
      <line num="95" count="8" type="stmt"/>
      <line num="97" count="8" type="stmt"/>
      <line num="98" count="8" type="stmt"/>
      <line num="101" count="8" type="stmt"/>
      <line num="102" count="8" type="cond" truecount="1" falsecount="1"/>
      <line num="103" count="0" type="stmt"/>
      <line num="105" count="0" type="stmt"/>
      <line num="106" count="0" type="stmt"/>
      <line num="108" count="8" type="stmt"/>
      <line num="109" count="8" type="stmt"/>
      <line num="113" count="8" type="stmt"/>
      <line num="115" count="0" type="stmt"/>
      <line num="116" count="0" type="stmt"/>
      <line num="117" count="0" type="stmt"/>
      <line num="118" count="0" type="stmt"/>
      <line num="119" count="0" type="stmt"/>
      <line num="122" count="8" type="stmt"/>
      <line num="124" count="0" type="stmt"/>
      <line num="125" count="0" type="stmt"/>
      <line num="126" count="0" type="stmt"/>
      <line num="127" count="0" type="stmt"/>
      <line num="131" count="8" type="stmt"/>
      <line num="132" count="8" type="stmt"/>
      <line num="133" count="8" type="stmt"/>
      <line num="136" count="8" type="stmt"/>
      <line num="137" count="8" type="cond" truecount="1" falsecount="1"/>
      <line num="139" count="0" type="stmt"/>
      <line num="155" count="1" type="stmt"/>
      <line num="157" count="1" type="cond" truecount="1" falsecount="1"/>
      <line num="158" count="0" type="stmt"/>
      <line num="161" count="1" type="stmt"/>
      <line num="163" count="1" type="stmt"/>
      <line num="165" count="1" type="stmt"/>
      <line num="166" count="1" type="stmt"/>
      <line num="167" count="1" type="stmt"/>
      <line num="168" count="1" type="stmt"/>
      <line num="172" count="1" type="stmt"/>
      <line num="173" count="1" type="cond" truecount="1" falsecount="1"/>
      <line num="174" count="0" type="stmt"/>
      <line num="175" count="0" type="stmt"/>
      <line num="191" count="1" type="stmt"/>
      <line num="192" count="1" type="cond" truecount="1" falsecount="1"/>
      <line num="193" count="0" type="stmt"/>
      <line num="196" count="1" type="cond" truecount="1" falsecount="1"/>
      <line num="197" count="0" type="stmt"/>
      <line num="199" count="0" type="stmt"/>
      <line num="200" count="0" type="stmt"/>
      <line num="201" count="0" type="cond" truecount="0" falsecount="2"/>
      <line num="202" count="0" type="stmt"/>
      <line num="204" count="0" type="stmt"/>
      <line num="209" count="1" type="stmt"/>
      <line num="222" count="1" type="stmt"/>
      <line num="223" count="1" type="cond" truecount="1" falsecount="1"/>
      <line num="224" count="0" type="stmt"/>
      <line num="226" count="1" type="cond" truecount="1" falsecount="1"/>
      <line num="227" count="0" type="stmt"/>
      <line num="230" count="1" type="stmt"/>
      <line num="231" count="1" type="cond" truecount="1" falsecount="1"/>
      <line num="232" count="0" type="stmt"/>
      <line num="234" count="1" type="cond" truecount="1" falsecount="1"/>
      <line num="235" count="0" type="stmt"/>
      <line num="238" count="1" type="stmt"/>
      <line num="251" count="1" type="stmt"/>
      <line num="252" count="1" type="cond" truecount="1" falsecount="1"/>
      <line num="253" count="0" type="stmt"/>
      <line num="257" count="1" type="stmt"/>
      <line num="258" count="1" type="cond" truecount="1" falsecount="1"/>
      <line num="259" count="1" type="stmt"/>
      <line num="260" count="1" type="cond" truecount="1" falsecount="1"/>
      <line num="261" count="1" type="stmt"/>
      <line num="262" count="1" type="cond" truecount="1" falsecount="1"/>
      <line num="267" count="1" type="cond" truecount="1" falsecount="1"/>
      <line num="268" count="0" type="stmt"/>
      <line num="272" count="1" type="cond" truecount="3" falsecount="1"/>
      <line num="273" count="0" type="stmt"/>
      <line num="277" count="1" type="stmt"/>
      <line num="278" count="1" type="stmt"/>
      <line num="279" count="1" type="cond" truecount="1" falsecount="1"/>
      <line num="280" count="0" type="stmt"/>
      <line num="282" count="1" type="cond" truecount="1" falsecount="1"/>
      <line num="299" count="1" type="stmt"/>
      <line num="300" count="1" type="cond" truecount="1" falsecount="1"/>
      <line num="301" count="0" type="stmt"/>
      <line num="305" count="1" type="stmt"/>
      <line num="306" count="1" type="cond" truecount="1" falsecount="1"/>
      <line num="307" count="1" type="stmt"/>
      <line num="308" count="1" type="cond" truecount="1" falsecount="1"/>
      <line num="309" count="1" type="stmt"/>
      <line num="310" count="1" type="cond" truecount="1" falsecount="1"/>
      <line num="315" count="1" type="cond" truecount="1" falsecount="1"/>
      <line num="316" count="0" type="stmt"/>
      <line num="320" count="1" type="cond" truecount="2" falsecount="0"/>
      <line num="321" count="1" type="cond" truecount="2" falsecount="0"/>
      <line num="323" count="1" type="cond" truecount="2" falsecount="2"/>
      <line num="324" count="0" type="stmt"/>
      <line num="327" count="1" type="stmt"/>
      <line num="329" count="1" type="cond" truecount="2" falsecount="2"/>
      <line num="330" count="0" type="stmt"/>
      <line num="331" count="0" type="cond" truecount="0" falsecount="2"/>
      <line num="332" count="0" type="stmt"/>
      <line num="334" count="0" type="stmt"/>
      <line num="336" count="1" type="cond" truecount="3" falsecount="1"/>
      <line num="337" count="0" type="cond" truecount="0" falsecount="2"/>
      <line num="338" count="0" type="stmt"/>
      <line num="339" count="0" type="stmt"/>
      <line num="341" count="0" type="stmt"/>
      <line num="346" count="1" type="stmt"/>
      <line num="349" count="1" type="stmt"/>
      <line num="350" count="1" type="stmt"/>
      <line num="351" count="1" type="cond" truecount="1" falsecount="1"/>
      <line num="352" count="0" type="stmt"/>
      <line num="354" count="1" type="stmt"/>
      <line num="369" count="2" type="stmt"/>
      <line num="370" count="2" type="cond" truecount="1" falsecount="1"/>
      <line num="371" count="0" type="stmt"/>
      <line num="375" count="2" type="stmt"/>
      <line num="376" count="2" type="cond" truecount="1" falsecount="1"/>
      <line num="377" count="2" type="stmt"/>
      <line num="378" count="2" type="cond" truecount="1" falsecount="1"/>
      <line num="379" count="2" type="stmt"/>
      <line num="380" count="2" type="cond" truecount="1" falsecount="1"/>
      <line num="385" count="2" type="cond" truecount="1" falsecount="1"/>
      <line num="386" count="0" type="stmt"/>
      <line num="390" count="2" type="cond" truecount="2" falsecount="0"/>
      <line num="391" count="2" type="cond" truecount="2" falsecount="0"/>
      <line num="393" count="2" type="cond" truecount="2" falsecount="2"/>
      <line num="394" count="0" type="stmt"/>
      <line num="397" count="2" type="stmt"/>
      <line num="399" count="2" type="stmt"/>
      <line num="400" count="1" type="cond" truecount="1" falsecount="1"/>
      <line num="401" count="1" type="stmt"/>
      <line num="410" count="2" type="stmt"/>
      <line num="411" count="2" type="cond" truecount="1" falsecount="1"/>
      <line num="412" count="0" type="stmt"/>
      <line num="414" count="2" type="stmt"/>
      <line num="433" count="1" type="stmt"/>
      <line num="434" count="1" type="cond" truecount="1" falsecount="1"/>
      <line num="435" count="0" type="stmt"/>
      <line num="439" count="1" type="stmt"/>
      <line num="440" count="1" type="cond" truecount="1" falsecount="1"/>
      <line num="441" count="1" type="stmt"/>
      <line num="442" count="1" type="cond" truecount="1" falsecount="1"/>
      <line num="443" count="1" type="stmt"/>
      <line num="444" count="1" type="cond" truecount="1" falsecount="1"/>
      <line num="449" count="1" type="cond" truecount="1" falsecount="1"/>
      <line num="450" count="0" type="stmt"/>
      <line num="453" count="1" type="stmt"/>
      <line num="455" count="1" type="stmt"/>
      <line num="456" count="1" type="cond" truecount="1" falsecount="1"/>
      <line num="457" count="0" type="stmt"/>
      <line num="461" count="1" type="stmt"/>
      <line num="463" count="1" type="stmt"/>
      <line num="472" count="2" type="stmt"/>
    </file>
    <file name="server.js" path="/app/server.js">
      <metrics statements="150" coveredstatements="64" conditionals="71" coveredconditionals="18" methods="18" coveredmethods="5"/>
      <line num="7" count="1" type="stmt"/>
      <line num="8" count="1" type="stmt"/>
      <line num="12" count="1" type="stmt"/>
      <line num="13" count="0" type="stmt"/>
      <line num="18" count="1" type="stmt"/>
      <line num="19" count="0" type="stmt"/>
      <line num="21" count="0" type="stmt"/>
      <line num="24" count="1" type="stmt"/>
      <line num="27" count="1" type="stmt"/>
      <line num="30" count="1" type="stmt"/>
      <line num="31" count="1" type="stmt"/>
      <line num="32" count="0" type="stmt"/>
      <line num="41" count="1" type="stmt"/>
      <line num="42" count="2" type="stmt"/>
      <line num="43" count="2" type="stmt"/>
      <line num="44" count="1" type="stmt"/>
      <line num="46" count="1" type="stmt"/>
      <line num="47" count="1" type="stmt"/>
      <line num="60" count="1" type="stmt"/>
      <line num="61" count="4" type="stmt"/>
      <line num="62" count="4" type="stmt"/>
      <line num="63" count="4" type="stmt"/>
      <line num="64" count="4" type="stmt"/>
      <line num="65" count="1" type="stmt"/>
      <line num="67" count="3" type="stmt"/>
      <line num="69" count="3" type="stmt"/>
      <line num="70" count="3" type="cond" truecount="2" falsecount="0"/>
      <line num="71" count="2" type="cond" truecount="5" falsecount="0"/>
      <line num="72" count="3" type="stmt"/>
      <line num="84" count="1" type="stmt"/>
      <line num="85" count="3" type="stmt"/>
      <line num="86" count="3" type="stmt"/>
      <line num="87" count="3" type="stmt"/>
      <line num="88" count="3" type="stmt"/>
      <line num="89" count="1" type="stmt"/>
      <line num="91" count="2" type="stmt"/>
      <line num="92" count="2" type="stmt"/>
      <line num="93" count="2" type="cond" truecount="4" falsecount="0"/>
      <line num="94" count="2" type="stmt"/>
      <line num="106" count="1" type="stmt"/>
      <line num="107" count="3" type="stmt"/>
      <line num="108" count="3" type="stmt"/>
      <line num="109" count="3" type="stmt"/>
      <line num="110" count="3" type="stmt"/>
      <line num="111" count="1" type="stmt"/>
      <line num="113" count="2" type="stmt"/>
      <line num="114" count="2" type="stmt"/>
      <line num="115" count="2" type="cond" truecount="2" falsecount="0"/>
      <line num="116" count="2" type="stmt"/>
      <line num="129" count="1" type="stmt"/>
      <line num="130" count="4" type="stmt"/>
      <line num="131" count="4" type="stmt"/>
      <line num="132" count="4" type="stmt"/>
      <line num="133" count="4" type="stmt"/>
      <line num="134" count="1" type="stmt"/>
      <line num="136" count="3" type="stmt"/>
      <line num="137" count="3" type="stmt"/>
      <line num="138" count="3" type="cond" truecount="4" falsecount="0"/>
      <line num="139" count="3" type="stmt"/>
      <line num="152" count="1" type="stmt"/>
      <line num="153" count="0" type="stmt"/>
      <line num="154" count="0" type="stmt"/>
      <line num="155" count="0" type="stmt"/>
      <line num="156" count="0" type="stmt"/>
      <line num="157" count="0" type="stmt"/>
      <line num="160" count="0" type="stmt"/>
      <line num="161" count="0" type="stmt"/>
      <line num="162" count="0" type="cond" truecount="0" falsecount="5"/>
      <line num="163" count="0" type="stmt"/>
      <line num="180" count="1" type="stmt"/>
      <line num="181" count="0" type="stmt"/>
      <line num="182" count="0" type="stmt"/>
      <line num="185" count="0" type="cond" truecount="0" falsecount="2"/>
      <line num="186" count="0" type="stmt"/>
      <line num="189" count="0" type="cond" truecount="0" falsecount="5"/>
      <line num="192" count="0" type="cond" truecount="0" falsecount="5"/>
      <line num="193" count="0" type="stmt"/>
      <line num="198" count="0" type="stmt"/>
      <line num="199" count="0" type="stmt"/>
      <line num="200" count="0" type="cond" truecount="0" falsecount="2"/>
      <line num="201" count="0" type="stmt"/>
      <line num="203" count="0" type="stmt"/>
      <line num="204" count="0" type="stmt"/>
      <line num="205" count="0" type="cond" truecount="0" falsecount="5"/>
      <line num="206" count="0" type="cond" truecount="0" falsecount="2"/>
      <line num="207" count="0" type="stmt"/>
      <line num="212" count="1" type="stmt"/>
      <line num="223" count="1" type="stmt"/>
      <line num="224" count="0" type="stmt"/>
      <line num="225" count="0" type="stmt"/>
      <line num="227" count="0" type="stmt"/>
      <line num="228" count="0" type="stmt"/>
      <line num="231" count="0" type="cond" truecount="0" falsecount="2"/>
      <line num="232" count="0" type="stmt"/>
      <line num="236" count="0" type="stmt"/>
      <line num="239" count="0" type="stmt"/>
      <line num="241" count="0" type="stmt"/>
      <line num="247" count="0" type="cond" truecount="0" falsecount="2"/>
      <line num="248" count="0" type="stmt"/>
      <line num="253" count="0" type="stmt"/>
      <line num="260" count="0" type="stmt"/>
      <line num="267" count="0" type="stmt"/>
      <line num="268" count="0" type="stmt"/>
      <line num="269" count="0" type="cond" truecount="0" falsecount="5"/>
      <line num="270" count="0" type="stmt"/>
      <line num="283" count="1" type="stmt"/>
      <line num="284" count="0" type="stmt"/>
      <line num="285" count="0" type="stmt"/>
      <line num="287" count="0" type="stmt"/>
      <line num="288" count="0" type="stmt"/>
      <line num="291" count="0" type="cond" truecount="0" falsecount="2"/>
      <line num="292" count="0" type="stmt"/>
      <line num="295" count="0" type="stmt"/>
      <line num="298" count="0" type="stmt"/>
      <line num="300" count="0" type="stmt"/>
      <line num="303" count="0" type="stmt"/>
      <line num="304" count="0" type="stmt"/>
      <line num="305" count="0" type="cond" truecount="0" falsecount="4"/>
      <line num="306" count="0" type="stmt"/>
      <line num="320" count="1" type="stmt"/>
      <line num="321" count="0" type="stmt"/>
      <line num="322" count="0" type="cond" truecount="0" falsecount="1"/>
      <line num="323" count="0" type="stmt"/>
      <line num="325" count="0" type="stmt"/>
      <line num="326" count="0" type="stmt"/>
      <line num="328" count="0" type="stmt"/>
      <line num="329" count="0" type="cond" truecount="0" falsecount="2"/>
      <line num="330" count="0" type="stmt"/>
      <line num="333" count="0" type="stmt"/>
      <line num="336" count="0" type="cond" truecount="0" falsecount="2"/>
      <line num="337" count="0" type="stmt"/>
      <line num="338" count="0" type="stmt"/>
      <line num="339" count="0" type="stmt"/>
      <line num="344" count="0" type="stmt"/>
      <line num="345" count="0" type="cond" truecount="0" falsecount="2"/>
      <line num="346" count="0" type="stmt"/>
      <line num="349" count="0" type="stmt"/>
      <line num="359" count="0" type="stmt"/>
      <line num="360" count="0" type="stmt"/>
      <line num="369" count="1" type="stmt"/>
      <line num="370" count="0" type="stmt"/>
      <line num="371" count="0" type="stmt"/>
      <line num="381" count="0" type="stmt"/>
      <line num="383" count="0" type="stmt"/>
      <line num="384" count="0" type="stmt"/>
      <line num="389" count="1" type="stmt"/>
      <line num="392" count="1" type="cond" truecount="1" falsecount="1"/>
      <line num="393" count="0" type="cond" truecount="0" falsecount="2"/>
      <line num="394" count="0" type="stmt"/>
      <line num="395" count="0" type="stmt"/>
    </file>
  </project>
</coverage>
