{"/app/ble-manager.js": {"path":"/app/ble-manager.js","statementMap":{"0":{"start":{"line":7,"column":14},"end":{"line":7,"column":43}},"1":{"start":{"line":9,"column":0},"end":{"line":9,"column":21}},"2":{"start":{"line":12,"column":28},"end":{"line":12,"column":30}},"3":{"start":{"line":14,"column":27},"end":{"line":14,"column":29}},"4":{"start":{"line":17,"column":0},"end":{"line":24,"column":3}},"5":{"start":{"line":18,"column":2},"end":{"line":18,"column":45}},"6":{"start":{"line":19,"column":2},"end":{"line":23,"column":3}},"7":{"start":{"line":20,"column":4},"end":{"line":20,"column":26}},"8":{"start":{"line":22,"column":4},"end":{"line":22,"column":25}},"9":{"start":{"line":27,"column":0},"end":{"line":29,"column":3}},"10":{"start":{"line":28,"column":2},"end":{"line":28,"column":33}},"11":{"start":{"line":32,"column":0},"end":{"line":34,"column":3}},"12":{"start":{"line":33,"column":2},"end":{"line":33,"column":32}},"13":{"start":{"line":37,"column":0},"end":{"line":43,"column":3}},"14":{"start":{"line":39,"column":2},"end":{"line":42,"column":3}},"15":{"start":{"line":39,"column":39},"end":{"line":39,"column":61}},"16":{"start":{"line":40,"column":4},"end":{"line":40,"column":117}},"17":{"start":{"line":41,"column":4},"end":{"line":41,"column":43}},"18":{"start":{"line":52,"column":2},"end":{"line":58,"column":6}},"19":{"start":{"line":52,"column":50},"end":{"line":58,"column":3}},"20":{"start":{"line":73,"column":21},"end":{"line":73,"column":75}},"21":{"start":{"line":73,"column":53},"end":{"line":73,"column":74}},"22":{"start":{"line":75,"column":2},"end":{"line":77,"column":3}},"23":{"start":{"line":76,"column":4},"end":{"line":76,"column":61}},"24":{"start":{"line":80,"column":2},"end":{"line":87,"column":3}},"25":{"start":{"line":81,"column":4},"end":{"line":85,"column":5}},"26":{"start":{"line":82,"column":8},"end":{"line":82,"column":70}},"27":{"start":{"line":84,"column":8},"end":{"line":84,"column":121}},"28":{"start":{"line":86,"column":4},"end":{"line":86,"column":83}},"29":{"start":{"line":89,"column":2},"end":{"line":89,"column":71}},"30":{"start":{"line":91,"column":2},"end":{"line":142,"column":5}},"31":{"start":{"line":92,"column":22},"end":{"line":111,"column":5}},"32":{"start":{"line":94,"column":6},"end":{"line":94,"column":76}},"33":{"start":{"line":95,"column":6},"end":{"line":95,"column":66}},"34":{"start":{"line":97,"column":6},"end":{"line":97,"column":55}},"35":{"start":{"line":98,"column":6},"end":{"line":98,"column":63}},"36":{"start":{"line":101,"column":6},"end":{"line":110,"column":9}},"37":{"start":{"line":102,"column":8},"end":{"line":107,"column":9}},"38":{"start":{"line":103,"column":10},"end":{"line":103,"column":105}},"39":{"start":{"line":105,"column":10},"end":{"line":105,"column":53}},"40":{"start":{"line":106,"column":10},"end":{"line":106,"column":100}},"41":{"start":{"line":108,"column":8},"end":{"line":108,"column":97}},"42":{"start":{"line":108,"column":88},"end":{"line":108,"column":94}},"43":{"start":{"line":109,"column":8},"end":{"line":109,"column":106}},"44":{"start":{"line":113,"column":41},"end":{"line":120,"column":5}},"45":{"start":{"line":115,"column":6},"end":{"line":115,"column":54}},"46":{"start":{"line":116,"column":6},"end":{"line":116,"column":66}},"47":{"start":{"line":117,"column":6},"end":{"line":117,"column":49}},"48":{"start":{"line":118,"column":6},"end":{"line":118,"column":117}},"49":{"start":{"line":119,"column":6},"end":{"line":119,"column":77}},"50":{"start":{"line":122,"column":36},"end":{"line":128,"column":5}},"51":{"start":{"line":124,"column":6},"end":{"line":124,"column":54}},"52":{"start":{"line":125,"column":6},"end":{"line":125,"column":76}},"53":{"start":{"line":126,"column":6},"end":{"line":126,"column":74}},"54":{"start":{"line":127,"column":6},"end":{"line":127,"column":20}},"55":{"start":{"line":131,"column":4},"end":{"line":131,"column":42}},"56":{"start":{"line":132,"column":4},"end":{"line":132,"column":64}},"57":{"start":{"line":133,"column":4},"end":{"line":133,"column":54}},"58":{"start":{"line":136,"column":4},"end":{"line":141,"column":7}},"59":{"start":{"line":137,"column":6},"end":{"line":140,"column":7}},"60":{"start":{"line":139,"column":8},"end":{"line":139,"column":39}},"61":{"start":{"line":155,"column":21},"end":{"line":155,"column":55}},"62":{"start":{"line":157,"column":2},"end":{"line":159,"column":3}},"63":{"start":{"line":158,"column":4},"end":{"line":158,"column":78}},"64":{"start":{"line":161,"column":2},"end":{"line":161,"column":76}},"65":{"start":{"line":163,"column":2},"end":{"line":179,"column":5}},"66":{"start":{"line":165,"column":4},"end":{"line":169,"column":7}},"67":{"start":{"line":166,"column":6},"end":{"line":166,"column":49}},"68":{"start":{"line":167,"column":6},"end":{"line":167,"column":81}},"69":{"start":{"line":168,"column":6},"end":{"line":168,"column":75}},"70":{"start":{"line":172,"column":4},"end":{"line":178,"column":7}},"71":{"start":{"line":173,"column":6},"end":{"line":176,"column":7}},"72":{"start":{"line":174,"column":8},"end":{"line":174,"column":88}},"73":{"start":{"line":175,"column":8},"end":{"line":175,"column":22}},"74":{"start":{"line":191,"column":21},"end":{"line":191,"column":55}},"75":{"start":{"line":192,"column":2},"end":{"line":194,"column":3}},"76":{"start":{"line":193,"column":4},"end":{"line":193,"column":65}},"77":{"start":{"line":196,"column":2},"end":{"line":207,"column":3}},"78":{"start":{"line":197,"column":4},"end":{"line":197,"column":105}},"79":{"start":{"line":199,"column":4},"end":{"line":206,"column":7}},"80":{"start":{"line":200,"column":8},"end":{"line":205,"column":11}},"81":{"start":{"line":201,"column":12},"end":{"line":203,"column":13}},"82":{"start":{"line":202,"column":16},"end":{"line":202,"column":93}},"83":{"start":{"line":204,"column":12},"end":{"line":204,"column":133}},"84":{"start":{"line":204,"column":39},"end":{"line":204,"column":129}},"85":{"start":{"line":209,"column":2},"end":{"line":209,"column":149}},"86":{"start":{"line":209,"column":55},"end":{"line":209,"column":145}},"87":{"start":{"line":222,"column":21},"end":{"line":222,"column":55}},"88":{"start":{"line":223,"column":2},"end":{"line":225,"column":3}},"89":{"start":{"line":224,"column":4},"end":{"line":224,"column":65}},"90":{"start":{"line":226,"column":2},"end":{"line":228,"column":3}},"91":{"start":{"line":227,"column":6},"end":{"line":227,"column":87}},"92":{"start":{"line":230,"column":18},"end":{"line":230,"column":71}},"93":{"start":{"line":230,"column":48},"end":{"line":230,"column":70}},"94":{"start":{"line":231,"column":2},"end":{"line":233,"column":3}},"95":{"start":{"line":232,"column":4},"end":{"line":232,"column":58}},"96":{"start":{"line":234,"column":2},"end":{"line":236,"column":3}},"97":{"start":{"line":235,"column":6},"end":{"line":235,"column":91}},"98":{"start":{"line":238,"column":2},"end":{"line":238,"column":133}},"99":{"start":{"line":238,"column":59},"end":{"line":238,"column":129}},"100":{"start":{"line":251,"column":21},"end":{"line":251,"column":55}},"101":{"start":{"line":252,"column":2},"end":{"line":254,"column":3}},"102":{"start":{"line":253,"column":4},"end":{"line":253,"column":65}},"103":{"start":{"line":257,"column":29},"end":{"line":257,"column":33}},"104":{"start":{"line":258,"column":2},"end":{"line":265,"column":3}},"105":{"start":{"line":259,"column":4},"end":{"line":264,"column":5}},"106":{"start":{"line":260,"column":6},"end":{"line":263,"column":7}},"107":{"start":{"line":261,"column":8},"end":{"line":261,"column":96}},"108":{"start":{"line":261,"column":65},"end":{"line":261,"column":94}},"109":{"start":{"line":262,"column":8},"end":{"line":262,"column":40}},"110":{"start":{"line":262,"column":34},"end":{"line":262,"column":40}},"111":{"start":{"line":267,"column":2},"end":{"line":269,"column":3}},"112":{"start":{"line":268,"column":4},"end":{"line":268,"column":65}},"113":{"start":{"line":272,"column":2},"end":{"line":274,"column":3}},"114":{"start":{"line":273,"column":4},"end":{"line":273,"column":68}},"115":{"start":{"line":277,"column":2},"end":{"line":284,"column":5}},"116":{"start":{"line":278,"column":4},"end":{"line":283,"column":7}},"117":{"start":{"line":279,"column":6},"end":{"line":281,"column":7}},"118":{"start":{"line":280,"column":8},"end":{"line":280,"column":29}},"119":{"start":{"line":282,"column":6},"end":{"line":282,"column":50}},"120":{"start":{"line":299,"column":21},"end":{"line":299,"column":55}},"121":{"start":{"line":300,"column":2},"end":{"line":302,"column":3}},"122":{"start":{"line":301,"column":4},"end":{"line":301,"column":65}},"123":{"start":{"line":305,"column":29},"end":{"line":305,"column":33}},"124":{"start":{"line":306,"column":2},"end":{"line":313,"column":3}},"125":{"start":{"line":307,"column":4},"end":{"line":312,"column":5}},"126":{"start":{"line":308,"column":6},"end":{"line":311,"column":7}},"127":{"start":{"line":309,"column":8},"end":{"line":309,"column":96}},"128":{"start":{"line":309,"column":65},"end":{"line":309,"column":94}},"129":{"start":{"line":310,"column":8},"end":{"line":310,"column":40}},"130":{"start":{"line":310,"column":34},"end":{"line":310,"column":40}},"131":{"start":{"line":315,"column":2},"end":{"line":317,"column":3}},"132":{"start":{"line":316,"column":4},"end":{"line":316,"column":65}},"133":{"start":{"line":320,"column":19},"end":{"line":320,"column":103}},"134":{"start":{"line":321,"column":34},"end":{"line":321,"column":133}},"135":{"start":{"line":323,"column":2},"end":{"line":325,"column":3}},"136":{"start":{"line":324,"column":4},"end":{"line":324,"column":68}},"137":{"start":{"line":327,"column":27},"end":{"line":327,"column":42}},"138":{"start":{"line":329,"column":2},"end":{"line":343,"column":3}},"139":{"start":{"line":330,"column":4},"end":{"line":330,"column":136}},"140":{"start":{"line":331,"column":4},"end":{"line":335,"column":5}},"141":{"start":{"line":332,"column":8},"end":{"line":332,"column":35}},"142":{"start":{"line":334,"column":8},"end":{"line":334,"column":130}},"143":{"start":{"line":336,"column":9},"end":{"line":343,"column":3}},"144":{"start":{"line":337,"column":6},"end":{"line":342,"column":7}},"145":{"start":{"line":338,"column":10},"end":{"line":338,"column":133}},"146":{"start":{"line":339,"column":10},"end":{"line":339,"column":36}},"147":{"start":{"line":341,"column":10},"end":{"line":341,"column":105}},"148":{"start":{"line":346,"column":17},"end":{"line":346,"column":45}},"149":{"start":{"line":349,"column":2},"end":{"line":356,"column":5}},"150":{"start":{"line":350,"column":4},"end":{"line":355,"column":7}},"151":{"start":{"line":351,"column":6},"end":{"line":353,"column":7}},"152":{"start":{"line":352,"column":8},"end":{"line":352,"column":29}},"153":{"start":{"line":354,"column":6},"end":{"line":354,"column":47}},"154":{"start":{"line":369,"column":21},"end":{"line":369,"column":55}},"155":{"start":{"line":370,"column":2},"end":{"line":372,"column":3}},"156":{"start":{"line":371,"column":4},"end":{"line":371,"column":65}},"157":{"start":{"line":375,"column":29},"end":{"line":375,"column":33}},"158":{"start":{"line":376,"column":2},"end":{"line":383,"column":3}},"159":{"start":{"line":377,"column":4},"end":{"line":382,"column":5}},"160":{"start":{"line":378,"column":6},"end":{"line":381,"column":7}},"161":{"start":{"line":379,"column":8},"end":{"line":379,"column":96}},"162":{"start":{"line":379,"column":65},"end":{"line":379,"column":94}},"163":{"start":{"line":380,"column":8},"end":{"line":380,"column":40}},"164":{"start":{"line":380,"column":34},"end":{"line":380,"column":40}},"165":{"start":{"line":385,"column":2},"end":{"line":387,"column":3}},"166":{"start":{"line":386,"column":4},"end":{"line":386,"column":65}},"167":{"start":{"line":390,"column":20},"end":{"line":390,"column":105}},"168":{"start":{"line":391,"column":22},"end":{"line":391,"column":109}},"169":{"start":{"line":393,"column":2},"end":{"line":395,"column":3}},"170":{"start":{"line":394,"column":4},"end":{"line":394,"column":101}},"171":{"start":{"line":397,"column":2},"end":{"line":421,"column":5}},"172":{"start":{"line":399,"column":4},"end":{"line":407,"column":7}},"173":{"start":{"line":400,"column":23},"end":{"line":400,"column":57}},"174":{"start":{"line":401,"column":6},"end":{"line":406,"column":9}},"175":{"start":{"line":410,"column":4},"end":{"line":420,"column":7}},"176":{"start":{"line":411,"column":6},"end":{"line":413,"column":7}},"177":{"start":{"line":412,"column":8},"end":{"line":412,"column":29}},"178":{"start":{"line":414,"column":6},"end":{"line":419,"column":9}},"179":{"start":{"line":433,"column":21},"end":{"line":433,"column":55}},"180":{"start":{"line":434,"column":2},"end":{"line":436,"column":3}},"181":{"start":{"line":435,"column":4},"end":{"line":435,"column":65}},"182":{"start":{"line":439,"column":29},"end":{"line":439,"column":33}},"183":{"start":{"line":440,"column":2},"end":{"line":447,"column":3}},"184":{"start":{"line":441,"column":4},"end":{"line":446,"column":5}},"185":{"start":{"line":442,"column":6},"end":{"line":445,"column":7}},"186":{"start":{"line":443,"column":8},"end":{"line":443,"column":96}},"187":{"start":{"line":443,"column":65},"end":{"line":443,"column":94}},"188":{"start":{"line":444,"column":8},"end":{"line":444,"column":40}},"189":{"start":{"line":444,"column":34},"end":{"line":444,"column":40}},"190":{"start":{"line":449,"column":2},"end":{"line":451,"column":3}},"191":{"start":{"line":450,"column":4},"end":{"line":450,"column":65}},"192":{"start":{"line":453,"column":2},"end":{"line":468,"column":5}},"193":{"start":{"line":455,"column":4},"end":{"line":467,"column":7}},"194":{"start":{"line":456,"column":6},"end":{"line":458,"column":7}},"195":{"start":{"line":457,"column":8},"end":{"line":457,"column":29}},"196":{"start":{"line":461,"column":6},"end":{"line":461,"column":54}},"197":{"start":{"line":463,"column":6},"end":{"line":466,"column":9}},"198":{"start":{"line":472,"column":0},"end":{"line":485,"column":2}}},"fnMap":{"0":{"name":"(anonymous_0)","decl":{"start":{"line":17,"column":24},"end":{"line":17,"column":25}},"loc":{"start":{"line":17,"column":40},"end":{"line":24,"column":1}},"line":17},"1":{"name":"(anonymous_1)","decl":{"start":{"line":27,"column":22},"end":{"line":27,"column":23}},"loc":{"start":{"line":27,"column":33},"end":{"line":29,"column":1}},"line":27},"2":{"name":"(anonymous_2)","decl":{"start":{"line":32,"column":21},"end":{"line":32,"column":22}},"loc":{"start":{"line":32,"column":32},"end":{"line":34,"column":1}},"line":32},"3":{"name":"(anonymous_3)","decl":{"start":{"line":37,"column":21},"end":{"line":37,"column":22}},"loc":{"start":{"line":37,"column":42},"end":{"line":43,"column":1}},"line":37},"4":{"name":"(anonymous_4)","decl":{"start":{"line":39,"column":34},"end":{"line":39,"column":35}},"loc":{"start":{"line":39,"column":39},"end":{"line":39,"column":61}},"line":39},"5":{"name":"getDiscoveredPeripherals","decl":{"start":{"line":51,"column":9},"end":{"line":51,"column":33}},"loc":{"start":{"line":51,"column":36},"end":{"line":59,"column":1}},"line":51},"6":{"name":"(anonymous_6)","decl":{"start":{"line":52,"column":35},"end":{"line":52,"column":36}},"loc":{"start":{"line":52,"column":50},"end":{"line":58,"column":3}},"line":52},"7":{"name":"connectDevice","decl":{"start":{"line":72,"column":15},"end":{"line":72,"column":28}},"loc":{"start":{"line":72,"column":43},"end":{"line":143,"column":1}},"line":72},"8":{"name":"(anonymous_8)","decl":{"start":{"line":73,"column":48},"end":{"line":73,"column":49}},"loc":{"start":{"line":73,"column":53},"end":{"line":73,"column":74}},"line":73},"9":{"name":"(anonymous_9)","decl":{"start":{"line":91,"column":21},"end":{"line":91,"column":22}},"loc":{"start":{"line":91,"column":42},"end":{"line":142,"column":3}},"line":91},"10":{"name":"(anonymous_10)","decl":{"start":{"line":92,"column":22},"end":{"line":92,"column":23}},"loc":{"start":{"line":92,"column":28},"end":{"line":111,"column":5}},"line":92},"11":{"name":"(anonymous_11)","decl":{"start":{"line":101,"column":55},"end":{"line":101,"column":56}},"loc":{"start":{"line":101,"column":93},"end":{"line":110,"column":7}},"line":101},"12":{"name":"(anonymous_12)","decl":{"start":{"line":108,"column":83},"end":{"line":108,"column":84}},"loc":{"start":{"line":108,"column":88},"end":{"line":108,"column":94}},"line":108},"13":{"name":"(anonymous_13)","decl":{"start":{"line":113,"column":41},"end":{"line":113,"column":42}},"loc":{"start":{"line":113,"column":47},"end":{"line":120,"column":5}},"line":113},"14":{"name":"(anonymous_14)","decl":{"start":{"line":122,"column":36},"end":{"line":122,"column":37}},"loc":{"start":{"line":122,"column":47},"end":{"line":128,"column":5}},"line":122},"15":{"name":"(anonymous_15)","decl":{"start":{"line":136,"column":23},"end":{"line":136,"column":24}},"loc":{"start":{"line":136,"column":32},"end":{"line":141,"column":5}},"line":136},"16":{"name":"disconnectDevice","decl":{"start":{"line":154,"column":15},"end":{"line":154,"column":31}},"loc":{"start":{"line":154,"column":46},"end":{"line":180,"column":1}},"line":154},"17":{"name":"(anonymous_17)","decl":{"start":{"line":163,"column":21},"end":{"line":163,"column":22}},"loc":{"start":{"line":163,"column":42},"end":{"line":179,"column":3}},"line":163},"18":{"name":"(anonymous_18)","decl":{"start":{"line":165,"column":34},"end":{"line":165,"column":35}},"loc":{"start":{"line":165,"column":40},"end":{"line":169,"column":5}},"line":165},"19":{"name":"(anonymous_19)","decl":{"start":{"line":172,"column":26},"end":{"line":172,"column":27}},"loc":{"start":{"line":172,"column":35},"end":{"line":178,"column":5}},"line":172},"20":{"name":"getServices","decl":{"start":{"line":190,"column":15},"end":{"line":190,"column":26}},"loc":{"start":{"line":190,"column":41},"end":{"line":210,"column":1}},"line":190},"21":{"name":"(anonymous_21)","decl":{"start":{"line":199,"column":23},"end":{"line":199,"column":24}},"loc":{"start":{"line":199,"column":44},"end":{"line":206,"column":5}},"line":199},"22":{"name":"(anonymous_22)","decl":{"start":{"line":200,"column":57},"end":{"line":200,"column":58}},"loc":{"start":{"line":200,"column":95},"end":{"line":205,"column":9}},"line":200},"23":{"name":"(anonymous_23)","decl":{"start":{"line":204,"column":33},"end":{"line":204,"column":34}},"loc":{"start":{"line":204,"column":39},"end":{"line":204,"column":129}},"line":204},"24":{"name":"(anonymous_24)","decl":{"start":{"line":209,"column":49},"end":{"line":209,"column":50}},"loc":{"start":{"line":209,"column":55},"end":{"line":209,"column":145}},"line":209},"25":{"name":"getCharacteristics","decl":{"start":{"line":221,"column":15},"end":{"line":221,"column":33}},"loc":{"start":{"line":221,"column":61},"end":{"line":239,"column":1}},"line":221},"26":{"name":"(anonymous_26)","decl":{"start":{"line":230,"column":43},"end":{"line":230,"column":44}},"loc":{"start":{"line":230,"column":48},"end":{"line":230,"column":70}},"line":230},"27":{"name":"(anonymous_27)","decl":{"start":{"line":238,"column":53},"end":{"line":238,"column":54}},"loc":{"start":{"line":238,"column":59},"end":{"line":238,"column":129}},"line":238},"28":{"name":"readCharacteristic","decl":{"start":{"line":250,"column":15},"end":{"line":250,"column":33}},"loc":{"start":{"line":250,"column":68},"end":{"line":285,"column":1}},"line":250},"29":{"name":"(anonymous_29)","decl":{"start":{"line":261,"column":60},"end":{"line":261,"column":61}},"loc":{"start":{"line":261,"column":65},"end":{"line":261,"column":94}},"line":261},"30":{"name":"(anonymous_30)","decl":{"start":{"line":277,"column":21},"end":{"line":277,"column":22}},"loc":{"start":{"line":277,"column":42},"end":{"line":284,"column":3}},"line":277},"31":{"name":"(anonymous_31)","decl":{"start":{"line":278,"column":30},"end":{"line":278,"column":31}},"loc":{"start":{"line":278,"column":47},"end":{"line":283,"column":5}},"line":278},"32":{"name":"writeCharacteristic","decl":{"start":{"line":298,"column":15},"end":{"line":298,"column":34}},"loc":{"start":{"line":298,"column":104},"end":{"line":357,"column":1}},"line":298},"33":{"name":"(anonymous_33)","decl":{"start":{"line":309,"column":60},"end":{"line":309,"column":61}},"loc":{"start":{"line":309,"column":65},"end":{"line":309,"column":94}},"line":309},"34":{"name":"(anonymous_34)","decl":{"start":{"line":349,"column":21},"end":{"line":349,"column":22}},"loc":{"start":{"line":349,"column":42},"end":{"line":356,"column":3}},"line":349},"35":{"name":"(anonymous_35)","decl":{"start":{"line":350,"column":59},"end":{"line":350,"column":60}},"loc":{"start":{"line":350,"column":70},"end":{"line":355,"column":5}},"line":350},"36":{"name":"subscribeToCharacteristic","decl":{"start":{"line":368,"column":15},"end":{"line":368,"column":40}},"loc":{"start":{"line":368,"column":85},"end":{"line":422,"column":1}},"line":368},"37":{"name":"(anonymous_37)","decl":{"start":{"line":379,"column":60},"end":{"line":379,"column":61}},"loc":{"start":{"line":379,"column":65},"end":{"line":379,"column":94}},"line":379},"38":{"name":"(anonymous_38)","decl":{"start":{"line":397,"column":21},"end":{"line":397,"column":22}},"loc":{"start":{"line":397,"column":42},"end":{"line":421,"column":3}},"line":397},"39":{"name":"(anonymous_39)","decl":{"start":{"line":399,"column":36},"end":{"line":399,"column":37}},"loc":{"start":{"line":399,"column":62},"end":{"line":407,"column":5}},"line":399},"40":{"name":"(anonymous_40)","decl":{"start":{"line":410,"column":35},"end":{"line":410,"column":36}},"loc":{"start":{"line":410,"column":46},"end":{"line":420,"column":5}},"line":410},"41":{"name":"unsubscribeFromCharacteristic","decl":{"start":{"line":432,"column":15},"end":{"line":432,"column":44}},"loc":{"start":{"line":432,"column":79},"end":{"line":469,"column":1}},"line":432},"42":{"name":"(anonymous_42)","decl":{"start":{"line":443,"column":60},"end":{"line":443,"column":61}},"loc":{"start":{"line":443,"column":65},"end":{"line":443,"column":94}},"line":443},"43":{"name":"(anonymous_43)","decl":{"start":{"line":453,"column":21},"end":{"line":453,"column":22}},"loc":{"start":{"line":453,"column":42},"end":{"line":468,"column":3}},"line":453},"44":{"name":"(anonymous_44)","decl":{"start":{"line":455,"column":37},"end":{"line":455,"column":38}},"loc":{"start":{"line":455,"column":48},"end":{"line":467,"column":5}},"line":455}},"branchMap":{"0":{"loc":{"start":{"line":19,"column":2},"end":{"line":23,"column":3}},"type":"if","locations":[{"start":{"line":19,"column":2},"end":{"line":23,"column":3}},{"start":{"line":21,"column":9},"end":{"line":23,"column":3}}],"line":19},"1":{"loc":{"start":{"line":39,"column":2},"end":{"line":42,"column":3}},"type":"if","locations":[{"start":{"line":39,"column":2},"end":{"line":42,"column":3}},{"start":{},"end":{}}],"line":39},"2":{"loc":{"start":{"line":40,"column":61},"end":{"line":40,"column":108}},"type":"binary-expr","locations":[{"start":{"line":40,"column":61},"end":{"line":40,"column":95}},{"start":{"line":40,"column":99},"end":{"line":40,"column":108}}],"line":40},"3":{"loc":{"start":{"line":75,"column":2},"end":{"line":77,"column":3}},"type":"if","locations":[{"start":{"line":75,"column":2},"end":{"line":77,"column":3}},{"start":{},"end":{}}],"line":75},"4":{"loc":{"start":{"line":80,"column":2},"end":{"line":87,"column":3}},"type":"if","locations":[{"start":{"line":80,"column":2},"end":{"line":87,"column":3}},{"start":{},"end":{}}],"line":80},"5":{"loc":{"start":{"line":80,"column":6},"end":{"line":80,"column":75}},"type":"binary-expr","locations":[{"start":{"line":80,"column":6},"end":{"line":80,"column":38}},{"start":{"line":80,"column":42},"end":{"line":80,"column":75}}],"line":80},"6":{"loc":{"start":{"line":81,"column":4},"end":{"line":85,"column":5}},"type":"if","locations":[{"start":{"line":81,"column":4},"end":{"line":85,"column":5}},{"start":{},"end":{}}],"line":81},"7":{"loc":{"start":{"line":81,"column":7},"end":{"line":81,"column":78}},"type":"binary-expr","locations":[{"start":{"line":81,"column":7},"end":{"line":81,"column":39}},{"start":{"line":81,"column":43},"end":{"line":81,"column":78}}],"line":81},"8":{"loc":{"start":{"line":102,"column":8},"end":{"line":107,"column":9}},"type":"if","locations":[{"start":{"line":102,"column":8},"end":{"line":107,"column":9}},{"start":{},"end":{}}],"line":102},"9":{"loc":{"start":{"line":137,"column":6},"end":{"line":140,"column":7}},"type":"if","locations":[{"start":{"line":137,"column":6},"end":{"line":140,"column":7}},{"start":{},"end":{}}],"line":137},"10":{"loc":{"start":{"line":157,"column":2},"end":{"line":159,"column":3}},"type":"if","locations":[{"start":{"line":157,"column":2},"end":{"line":159,"column":3}},{"start":{},"end":{}}],"line":157},"11":{"loc":{"start":{"line":173,"column":6},"end":{"line":176,"column":7}},"type":"if","locations":[{"start":{"line":173,"column":6},"end":{"line":176,"column":7}},{"start":{},"end":{}}],"line":173},"12":{"loc":{"start":{"line":192,"column":2},"end":{"line":194,"column":3}},"type":"if","locations":[{"start":{"line":192,"column":2},"end":{"line":194,"column":3}},{"start":{},"end":{}}],"line":192},"13":{"loc":{"start":{"line":196,"column":2},"end":{"line":207,"column":3}},"type":"if","locations":[{"start":{"line":196,"column":2},"end":{"line":207,"column":3}},{"start":{},"end":{}}],"line":196},"14":{"loc":{"start":{"line":201,"column":12},"end":{"line":203,"column":13}},"type":"if","locations":[{"start":{"line":201,"column":12},"end":{"line":203,"column":13}},{"start":{},"end":{}}],"line":201},"15":{"loc":{"start":{"line":223,"column":2},"end":{"line":225,"column":3}},"type":"if","locations":[{"start":{"line":223,"column":2},"end":{"line":225,"column":3}},{"start":{},"end":{}}],"line":223},"16":{"loc":{"start":{"line":226,"column":2},"end":{"line":228,"column":3}},"type":"if","locations":[{"start":{"line":226,"column":2},"end":{"line":228,"column":3}},{"start":{},"end":{}}],"line":226},"17":{"loc":{"start":{"line":231,"column":2},"end":{"line":233,"column":3}},"type":"if","locations":[{"start":{"line":231,"column":2},"end":{"line":233,"column":3}},{"start":{},"end":{}}],"line":231},"18":{"loc":{"start":{"line":234,"column":2},"end":{"line":236,"column":3}},"type":"if","locations":[{"start":{"line":234,"column":2},"end":{"line":236,"column":3}},{"start":{},"end":{}}],"line":234},"19":{"loc":{"start":{"line":252,"column":2},"end":{"line":254,"column":3}},"type":"if","locations":[{"start":{"line":252,"column":2},"end":{"line":254,"column":3}},{"start":{},"end":{}}],"line":252},"20":{"loc":{"start":{"line":258,"column":2},"end":{"line":265,"column":3}},"type":"if","locations":[{"start":{"line":258,"column":2},"end":{"line":265,"column":3}},{"start":{},"end":{}}],"line":258},"21":{"loc":{"start":{"line":260,"column":6},"end":{"line":263,"column":7}},"type":"if","locations":[{"start":{"line":260,"column":6},"end":{"line":263,"column":7}},{"start":{},"end":{}}],"line":260},"22":{"loc":{"start":{"line":262,"column":8},"end":{"line":262,"column":40}},"type":"if","locations":[{"start":{"line":262,"column":8},"end":{"line":262,"column":40}},{"start":{},"end":{}}],"line":262},"23":{"loc":{"start":{"line":267,"column":2},"end":{"line":269,"column":3}},"type":"if","locations":[{"start":{"line":267,"column":2},"end":{"line":269,"column":3}},{"start":{},"end":{}}],"line":267},"24":{"loc":{"start":{"line":272,"column":2},"end":{"line":274,"column":3}},"type":"if","locations":[{"start":{"line":272,"column":2},"end":{"line":274,"column":3}},{"start":{},"end":{}}],"line":272},"25":{"loc":{"start":{"line":272,"column":6},"end":{"line":272,"column":91}},"type":"binary-expr","locations":[{"start":{"line":272,"column":6},"end":{"line":272,"column":38}},{"start":{"line":272,"column":42},"end":{"line":272,"column":91}}],"line":272},"26":{"loc":{"start":{"line":279,"column":6},"end":{"line":281,"column":7}},"type":"if","locations":[{"start":{"line":279,"column":6},"end":{"line":281,"column":7}},{"start":{},"end":{}}],"line":279},"27":{"loc":{"start":{"line":282,"column":14},"end":{"line":282,"column":48}},"type":"cond-expr","locations":[{"start":{"line":282,"column":21},"end":{"line":282,"column":41}},{"start":{"line":282,"column":44},"end":{"line":282,"column":48}}],"line":282},"28":{"loc":{"start":{"line":298,"column":79},"end":{"line":298,"column":102}},"type":"default-arg","locations":[{"start":{"line":298,"column":97},"end":{"line":298,"column":102}}],"line":298},"29":{"loc":{"start":{"line":300,"column":2},"end":{"line":302,"column":3}},"type":"if","locations":[{"start":{"line":300,"column":2},"end":{"line":302,"column":3}},{"start":{},"end":{}}],"line":300},"30":{"loc":{"start":{"line":306,"column":2},"end":{"line":313,"column":3}},"type":"if","locations":[{"start":{"line":306,"column":2},"end":{"line":313,"column":3}},{"start":{},"end":{}}],"line":306},"31":{"loc":{"start":{"line":308,"column":6},"end":{"line":311,"column":7}},"type":"if","locations":[{"start":{"line":308,"column":6},"end":{"line":311,"column":7}},{"start":{},"end":{}}],"line":308},"32":{"loc":{"start":{"line":310,"column":8},"end":{"line":310,"column":40}},"type":"if","locations":[{"start":{"line":310,"column":8},"end":{"line":310,"column":40}},{"start":{},"end":{}}],"line":310},"33":{"loc":{"start":{"line":315,"column":2},"end":{"line":317,"column":3}},"type":"if","locations":[{"start":{"line":315,"column":2},"end":{"line":317,"column":3}},{"start":{},"end":{}}],"line":315},"34":{"loc":{"start":{"line":320,"column":19},"end":{"line":320,"column":103}},"type":"binary-expr","locations":[{"start":{"line":320,"column":19},"end":{"line":320,"column":50}},{"start":{"line":320,"column":54},"end":{"line":320,"column":103}}],"line":320},"35":{"loc":{"start":{"line":321,"column":34},"end":{"line":321,"column":133}},"type":"binary-expr","locations":[{"start":{"line":321,"column":34},"end":{"line":321,"column":65}},{"start":{"line":321,"column":69},"end":{"line":321,"column":133}}],"line":321},"36":{"loc":{"start":{"line":323,"column":2},"end":{"line":325,"column":3}},"type":"if","locations":[{"start":{"line":323,"column":2},"end":{"line":325,"column":3}},{"start":{},"end":{}}],"line":323},"37":{"loc":{"start":{"line":323,"column":6},"end":{"line":323,"column":43}},"type":"binary-expr","locations":[{"start":{"line":323,"column":6},"end":{"line":323,"column":15}},{"start":{"line":323,"column":19},"end":{"line":323,"column":43}}],"line":323},"38":{"loc":{"start":{"line":329,"column":2},"end":{"line":343,"column":3}},"type":"if","locations":[{"start":{"line":329,"column":2},"end":{"line":343,"column":3}},{"start":{"line":336,"column":9},"end":{"line":343,"column":3}}],"line":329},"39":{"loc":{"start":{"line":329,"column":6},"end":{"line":329,"column":49}},"type":"binary-expr","locations":[{"start":{"line":329,"column":6},"end":{"line":329,"column":21}},{"start":{"line":329,"column":25},"end":{"line":329,"column":49}}],"line":329},"40":{"loc":{"start":{"line":331,"column":4},"end":{"line":335,"column":5}},"type":"if","locations":[{"start":{"line":331,"column":4},"end":{"line":335,"column":5}},{"start":{"line":333,"column":11},"end":{"line":335,"column":5}}],"line":331},"41":{"loc":{"start":{"line":336,"column":9},"end":{"line":343,"column":3}},"type":"if","locations":[{"start":{"line":336,"column":9},"end":{"line":343,"column":3}},{"start":{},"end":{}}],"line":336},"42":{"loc":{"start":{"line":336,"column":13},"end":{"line":336,"column":42}},"type":"binary-expr","locations":[{"start":{"line":336,"column":13},"end":{"line":336,"column":29}},{"start":{"line":336,"column":33},"end":{"line":336,"column":42}}],"line":336},"43":{"loc":{"start":{"line":337,"column":6},"end":{"line":342,"column":7}},"type":"if","locations":[{"start":{"line":337,"column":6},"end":{"line":342,"column":7}},{"start":{"line":340,"column":13},"end":{"line":342,"column":7}}],"line":337},"44":{"loc":{"start":{"line":351,"column":6},"end":{"line":353,"column":7}},"type":"if","locations":[{"start":{"line":351,"column":6},"end":{"line":353,"column":7}},{"start":{},"end":{}}],"line":351},"45":{"loc":{"start":{"line":370,"column":2},"end":{"line":372,"column":3}},"type":"if","locations":[{"start":{"line":370,"column":2},"end":{"line":372,"column":3}},{"start":{},"end":{}}],"line":370},"46":{"loc":{"start":{"line":376,"column":2},"end":{"line":383,"column":3}},"type":"if","locations":[{"start":{"line":376,"column":2},"end":{"line":383,"column":3}},{"start":{},"end":{}}],"line":376},"47":{"loc":{"start":{"line":378,"column":6},"end":{"line":381,"column":7}},"type":"if","locations":[{"start":{"line":378,"column":6},"end":{"line":381,"column":7}},{"start":{},"end":{}}],"line":378},"48":{"loc":{"start":{"line":380,"column":8},"end":{"line":380,"column":40}},"type":"if","locations":[{"start":{"line":380,"column":8},"end":{"line":380,"column":40}},{"start":{},"end":{}}],"line":380},"49":{"loc":{"start":{"line":385,"column":2},"end":{"line":387,"column":3}},"type":"if","locations":[{"start":{"line":385,"column":2},"end":{"line":387,"column":3}},{"start":{},"end":{}}],"line":385},"50":{"loc":{"start":{"line":390,"column":20},"end":{"line":390,"column":105}},"type":"binary-expr","locations":[{"start":{"line":390,"column":20},"end":{"line":390,"column":51}},{"start":{"line":390,"column":55},"end":{"line":390,"column":105}}],"line":390},"51":{"loc":{"start":{"line":391,"column":22},"end":{"line":391,"column":109}},"type":"binary-expr","locations":[{"start":{"line":391,"column":22},"end":{"line":391,"column":53}},{"start":{"line":391,"column":57},"end":{"line":391,"column":109}}],"line":391},"52":{"loc":{"start":{"line":393,"column":2},"end":{"line":395,"column":3}},"type":"if","locations":[{"start":{"line":393,"column":2},"end":{"line":395,"column":3}},{"start":{},"end":{}}],"line":393},"53":{"loc":{"start":{"line":393,"column":6},"end":{"line":393,"column":32}},"type":"binary-expr","locations":[{"start":{"line":393,"column":6},"end":{"line":393,"column":16}},{"start":{"line":393,"column":20},"end":{"line":393,"column":32}}],"line":393},"54":{"loc":{"start":{"line":400,"column":23},"end":{"line":400,"column":57}},"type":"cond-expr","locations":[{"start":{"line":400,"column":30},"end":{"line":400,"column":50}},{"start":{"line":400,"column":53},"end":{"line":400,"column":57}}],"line":400},"55":{"loc":{"start":{"line":411,"column":6},"end":{"line":413,"column":7}},"type":"if","locations":[{"start":{"line":411,"column":6},"end":{"line":413,"column":7}},{"start":{},"end":{}}],"line":411},"56":{"loc":{"start":{"line":434,"column":2},"end":{"line":436,"column":3}},"type":"if","locations":[{"start":{"line":434,"column":2},"end":{"line":436,"column":3}},{"start":{},"end":{}}],"line":434},"57":{"loc":{"start":{"line":440,"column":2},"end":{"line":447,"column":3}},"type":"if","locations":[{"start":{"line":440,"column":2},"end":{"line":447,"column":3}},{"start":{},"end":{}}],"line":440},"58":{"loc":{"start":{"line":442,"column":6},"end":{"line":445,"column":7}},"type":"if","locations":[{"start":{"line":442,"column":6},"end":{"line":445,"column":7}},{"start":{},"end":{}}],"line":442},"59":{"loc":{"start":{"line":444,"column":8},"end":{"line":444,"column":40}},"type":"if","locations":[{"start":{"line":444,"column":8},"end":{"line":444,"column":40}},{"start":{},"end":{}}],"line":444},"60":{"loc":{"start":{"line":449,"column":2},"end":{"line":451,"column":3}},"type":"if","locations":[{"start":{"line":449,"column":2},"end":{"line":451,"column":3}},{"start":{},"end":{}}],"line":449},"61":{"loc":{"start":{"line":456,"column":6},"end":{"line":458,"column":7}},"type":"if","locations":[{"start":{"line":456,"column":6},"end":{"line":458,"column":7}},{"start":{},"end":{}}],"line":456}},"s":{"0":2,"1":2,"2":2,"3":2,"4":2,"5":3,"6":3,"7":2,"8":1,"9":2,"10":2,"11":2,"12":1,"13":2,"14":9,"15":0,"16":9,"17":9,"18":1,"19":1,"20":9,"21":8,"22":9,"23":1,"24":8,"25":0,"26":0,"27":0,"28":0,"29":8,"30":8,"31":8,"32":8,"33":8,"34":8,"35":8,"36":8,"37":8,"38":0,"39":0,"40":0,"41":8,"42":6,"43":8,"44":8,"45":0,"46":0,"47":0,"48":0,"49":0,"50":8,"51":0,"52":0,"53":0,"54":0,"55":8,"56":8,"57":8,"58":8,"59":8,"60":0,"61":1,"62":1,"63":0,"64":1,"65":1,"66":1,"67":1,"68":1,"69":1,"70":1,"71":1,"72":0,"73":0,"74":1,"75":1,"76":0,"77":1,"78":0,"79":0,"80":0,"81":0,"82":0,"83":0,"84":0,"85":1,"86":1,"87":1,"88":1,"89":0,"90":1,"91":0,"92":1,"93":1,"94":1,"95":0,"96":1,"97":0,"98":1,"99":1,"100":1,"101":1,"102":0,"103":1,"104":1,"105":1,"106":1,"107":1,"108":1,"109":1,"110":1,"111":1,"112":0,"113":1,"114":0,"115":1,"116":1,"117":1,"118":0,"119":1,"120":1,"121":1,"122":0,"123":1,"124":1,"125":1,"126":1,"127":1,"128":1,"129":1,"130":1,"131":1,"132":0,"133":1,"134":1,"135":1,"136":0,"137":1,"138":1,"139":0,"140":0,"141":0,"142":0,"143":1,"144":0,"145":0,"146":0,"147":0,"148":1,"149":1,"150":1,"151":1,"152":0,"153":1,"154":2,"155":2,"156":0,"157":2,"158":2,"159":2,"160":2,"161":2,"162":2,"163":2,"164":2,"165":2,"166":0,"167":2,"168":2,"169":2,"170":0,"171":2,"172":2,"173":1,"174":1,"175":2,"176":2,"177":0,"178":2,"179":1,"180":1,"181":0,"182":1,"183":1,"184":1,"185":1,"186":1,"187":1,"188":1,"189":1,"190":1,"191":0,"192":1,"193":1,"194":1,"195":0,"196":1,"197":1,"198":2},"f":{"0":3,"1":2,"2":1,"3":9,"4":0,"5":1,"6":1,"7":9,"8":8,"9":8,"10":8,"11":8,"12":6,"13":0,"14":0,"15":8,"16":1,"17":1,"18":1,"19":1,"20":1,"21":0,"22":0,"23":0,"24":1,"25":1,"26":1,"27":1,"28":1,"29":1,"30":1,"31":1,"32":1,"33":1,"34":1,"35":1,"36":2,"37":2,"38":2,"39":1,"40":2,"41":1,"42":1,"43":1,"44":1},"b":{"0":[2,1],"1":[9,0],"2":[9,0],"3":[1,8],"4":[0,8],"5":[8,8],"6":[0,0],"7":[0,0],"8":[0,8],"9":[0,8],"10":[0,1],"11":[0,1],"12":[0,1],"13":[0,1],"14":[0,0],"15":[0,1],"16":[0,1],"17":[0,1],"18":[0,1],"19":[0,1],"20":[1,0],"21":[1,0],"22":[1,0],"23":[0,1],"24":[0,1],"25":[1,1],"26":[0,1],"27":[1,0],"28":[1],"29":[0,1],"30":[1,0],"31":[1,0],"32":[1,0],"33":[0,1],"34":[1,1],"35":[1,1],"36":[0,1],"37":[1,0],"38":[0,1],"39":[1,0],"40":[0,0],"41":[0,1],"42":[1,1],"43":[0,0],"44":[0,1],"45":[0,2],"46":[2,0],"47":[2,0],"48":[2,0],"49":[0,2],"50":[2,2],"51":[2,2],"52":[0,2],"53":[2,0],"54":[1,0],"55":[0,2],"56":[0,1],"57":[1,0],"58":[1,0],"59":[1,0],"60":[0,1],"61":[0,1]},"_coverageSchema":"1a1c01bbd47fc00a2c39e90264f33305004495a9","hash":"9e542a6f6a83f774fe8d83d140cf3cf2d880a870"}
,"/app/server.js": {"path":"/app/server.js","statementMap":{"0":{"start":{"line":7,"column":14},"end":{"line":7,"column":32}},"1":{"start":{"line":8,"column":19},"end":{"line":8,"column":46}},"2":{"start":{"line":12,"column":0},"end":{"line":15,"column":3}},"3":{"start":{"line":13,"column":2},"end":{"line":13,"column":71}},"4":{"start":{"line":18,"column":0},"end":{"line":22,"column":3}},"5":{"start":{"line":19,"column":2},"end":{"line":19,"column":46}},"6":{"start":{"line":21,"column":2},"end":{"line":21,"column":18}},"7":{"start":{"line":24,"column":10},"end":{"line":24,"column":19}},"8":{"start":{"line":27,"column":0},"end":{"line":27,"column":24}},"9":{"start":{"line":30,"column":0},"end":{"line":30,"column":42}},"10":{"start":{"line":31,"column":0},"end":{"line":33,"column":3}},"11":{"start":{"line":32,"column":2},"end":{"line":32,"column":50}},"12":{"start":{"line":41,"column":0},"end":{"line":49,"column":3}},"13":{"start":{"line":42,"column":2},"end":{"line":48,"column":3}},"14":{"start":{"line":43,"column":20},"end":{"line":43,"column":57}},"15":{"start":{"line":44,"column":4},"end":{"line":44,"column":22}},"16":{"start":{"line":46,"column":4},"end":{"line":46,"column":67}},"17":{"start":{"line":47,"column":4},"end":{"line":47,"column":96}},"18":{"start":{"line":60,"column":0},"end":{"line":74,"column":3}},"19":{"start":{"line":61,"column":23},"end":{"line":61,"column":33}},"20":{"start":{"line":62,"column":2},"end":{"line":73,"column":3}},"21":{"start":{"line":63,"column":4},"end":{"line":63,"column":58}},"22":{"start":{"line":64,"column":29},"end":{"line":64,"column":69}},"23":{"start":{"line":65,"column":4},"end":{"line":65,"column":77}},"24":{"start":{"line":67,"column":4},"end":{"line":67,"column":66}},"25":{"start":{"line":69,"column":21},"end":{"line":69,"column":24}},"26":{"start":{"line":70,"column":4},"end":{"line":71,"column":195}},"27":{"start":{"line":70,"column":45},"end":{"line":70,"column":62}},"28":{"start":{"line":71,"column":9},"end":{"line":71,"column":195}},"29":{"start":{"line":71,"column":178},"end":{"line":71,"column":195}},"30":{"start":{"line":72,"column":4},"end":{"line":72,"column":110}},"31":{"start":{"line":84,"column":0},"end":{"line":96,"column":3}},"32":{"start":{"line":85,"column":23},"end":{"line":85,"column":33}},"33":{"start":{"line":86,"column":2},"end":{"line":95,"column":3}},"34":{"start":{"line":87,"column":4},"end":{"line":87,"column":63}},"35":{"start":{"line":88,"column":32},"end":{"line":88,"column":75}},"36":{"start":{"line":89,"column":4},"end":{"line":89,"column":83}},"37":{"start":{"line":91,"column":4},"end":{"line":91,"column":71}},"38":{"start":{"line":92,"column":21},"end":{"line":92,"column":24}},"39":{"start":{"line":93,"column":4},"end":{"line":93,"column":105}},"40":{"start":{"line":93,"column":88},"end":{"line":93,"column":105}},"41":{"start":{"line":94,"column":4},"end":{"line":94,"column":115}},"42":{"start":{"line":106,"column":0},"end":{"line":118,"column":3}},"43":{"start":{"line":107,"column":23},"end":{"line":107,"column":33}},"44":{"start":{"line":108,"column":2},"end":{"line":117,"column":3}},"45":{"start":{"line":109,"column":4},"end":{"line":109,"column":64}},"46":{"start":{"line":110,"column":21},"end":{"line":110,"column":59}},"47":{"start":{"line":111,"column":4},"end":{"line":111,"column":23}},"48":{"start":{"line":113,"column":4},"end":{"line":113,"column":73}},"49":{"start":{"line":114,"column":21},"end":{"line":114,"column":24}},"50":{"start":{"line":115,"column":4},"end":{"line":115,"column":66}},"51":{"start":{"line":115,"column":49},"end":{"line":115,"column":66}},"52":{"start":{"line":116,"column":4},"end":{"line":116,"column":116}},"53":{"start":{"line":129,"column":0},"end":{"line":141,"column":3}},"54":{"start":{"line":130,"column":36},"end":{"line":130,"column":46}},"55":{"start":{"line":131,"column":2},"end":{"line":140,"column":3}},"56":{"start":{"line":132,"column":4},"end":{"line":132,"column":104}},"57":{"start":{"line":133,"column":28},"end":{"line":133,"column":86}},"58":{"start":{"line":134,"column":4},"end":{"line":134,"column":30}},"59":{"start":{"line":136,"column":4},"end":{"line":136,"column":104}},"60":{"start":{"line":137,"column":21},"end":{"line":137,"column":24}},"61":{"start":{"line":138,"column":4},"end":{"line":138,"column":113}},"62":{"start":{"line":138,"column":96},"end":{"line":138,"column":113}},"63":{"start":{"line":139,"column":4},"end":{"line":139,"column":147}},"64":{"start":{"line":152,"column":0},"end":{"line":165,"column":3}},"65":{"start":{"line":153,"column":43},"end":{"line":153,"column":53}},"66":{"start":{"line":154,"column":2},"end":{"line":164,"column":3}},"67":{"start":{"line":155,"column":4},"end":{"line":155,"column":99}},"68":{"start":{"line":156,"column":17},"end":{"line":156,"column":82}},"69":{"start":{"line":157,"column":4},"end":{"line":157,"column":50}},"70":{"start":{"line":160,"column":4},"end":{"line":160,"column":101}},"71":{"start":{"line":161,"column":21},"end":{"line":161,"column":24}},"72":{"start":{"line":162,"column":4},"end":{"line":162,"column":162}},"73":{"start":{"line":162,"column":145},"end":{"line":162,"column":162}},"74":{"start":{"line":163,"column":4},"end":{"line":163,"column":145}},"75":{"start":{"line":180,"column":0},"end":{"line":209,"column":3}},"76":{"start":{"line":181,"column":43},"end":{"line":181,"column":53}},"77":{"start":{"line":182,"column":37},"end":{"line":182,"column":45}},"78":{"start":{"line":185,"column":2},"end":{"line":187,"column":3}},"79":{"start":{"line":186,"column":4},"end":{"line":186,"column":108}},"80":{"start":{"line":189,"column":2},"end":{"line":195,"column":3}},"81":{"start":{"line":192,"column":6},"end":{"line":194,"column":7}},"82":{"start":{"line":193,"column":8},"end":{"line":193,"column":156}},"83":{"start":{"line":198,"column":2},"end":{"line":208,"column":3}},"84":{"start":{"line":199,"column":4},"end":{"line":199,"column":123}},"85":{"start":{"line":200,"column":19},"end":{"line":200,"column":118}},"86":{"start":{"line":201,"column":4},"end":{"line":201,"column":21}},"87":{"start":{"line":203,"column":4},"end":{"line":203,"column":104}},"88":{"start":{"line":204,"column":21},"end":{"line":204,"column":24}},"89":{"start":{"line":205,"column":4},"end":{"line":206,"column":80}},"90":{"start":{"line":205,"column":145},"end":{"line":205,"column":162}},"91":{"start":{"line":206,"column":9},"end":{"line":206,"column":80}},"92":{"start":{"line":206,"column":63},"end":{"line":206,"column":80}},"93":{"start":{"line":207,"column":4},"end":{"line":207,"column":149}},"94":{"start":{"line":212,"column":28},"end":{"line":212,"column":37}},"95":{"start":{"line":223,"column":0},"end":{"line":272,"column":3}},"96":{"start":{"line":224,"column":43},"end":{"line":224,"column":53}},"97":{"start":{"line":225,"column":26},"end":{"line":225,"column":61}},"98":{"start":{"line":227,"column":2},"end":{"line":271,"column":3}},"99":{"start":{"line":228,"column":4},"end":{"line":228,"column":107}},"100":{"start":{"line":231,"column":4},"end":{"line":233,"column":5}},"101":{"start":{"line":232,"column":6},"end":{"line":232,"column":90}},"102":{"start":{"line":236,"column":23},"end":{"line":236,"column":25}},"103":{"start":{"line":239,"column":19},"end":{"line":250,"column":6}},"104":{"start":{"line":241,"column":6},"end":{"line":244,"column":9}},"105":{"start":{"line":247,"column":6},"end":{"line":249,"column":7}},"106":{"start":{"line":248,"column":8},"end":{"line":248,"column":27}},"107":{"start":{"line":253,"column":4},"end":{"line":258,"column":7}},"108":{"start":{"line":260,"column":4},"end":{"line":264,"column":7}},"109":{"start":{"line":267,"column":4},"end":{"line":267,"column":108}},"110":{"start":{"line":268,"column":21},"end":{"line":268,"column":24}},"111":{"start":{"line":269,"column":4},"end":{"line":269,"column":161}},"112":{"start":{"line":269,"column":144},"end":{"line":269,"column":161}},"113":{"start":{"line":270,"column":4},"end":{"line":270,"column":153}},"114":{"start":{"line":283,"column":0},"end":{"line":308,"column":3}},"115":{"start":{"line":284,"column":43},"end":{"line":284,"column":53}},"116":{"start":{"line":285,"column":26},"end":{"line":285,"column":61}},"117":{"start":{"line":287,"column":2},"end":{"line":307,"column":3}},"118":{"start":{"line":288,"column":4},"end":{"line":288,"column":111}},"119":{"start":{"line":291,"column":4},"end":{"line":293,"column":5}},"120":{"start":{"line":292,"column":6},"end":{"line":292,"column":86}},"121":{"start":{"line":295,"column":19},"end":{"line":295,"column":95}},"122":{"start":{"line":298,"column":4},"end":{"line":298,"column":48}},"123":{"start":{"line":300,"column":4},"end":{"line":300,"column":21}},"124":{"start":{"line":303,"column":4},"end":{"line":303,"column":112}},"125":{"start":{"line":304,"column":21},"end":{"line":304,"column":24}},"126":{"start":{"line":305,"column":4},"end":{"line":305,"column":120}},"127":{"start":{"line":305,"column":103},"end":{"line":305,"column":120}},"128":{"start":{"line":306,"column":4},"end":{"line":306,"column":157}},"129":{"start":{"line":320,"column":0},"end":{"line":362,"column":3}},"130":{"start":{"line":321,"column":43},"end":{"line":321,"column":53}},"131":{"start":{"line":322,"column":32},"end":{"line":322,"column":41}},"132":{"start":{"line":323,"column":26},"end":{"line":323,"column":61}},"133":{"start":{"line":325,"column":2},"end":{"line":361,"column":3}},"134":{"start":{"line":326,"column":4},"end":{"line":326,"column":116}},"135":{"start":{"line":328,"column":25},"end":{"line":328,"column":65}},"136":{"start":{"line":329,"column":4},"end":{"line":331,"column":5}},"137":{"start":{"line":330,"column":6},"end":{"line":330,"column":86}},"138":{"start":{"line":333,"column":24},"end":{"line":333,"column":47}},"139":{"start":{"line":336,"column":4},"end":{"line":341,"column":5}},"140":{"start":{"line":337,"column":24},"end":{"line":337,"column":49}},"141":{"start":{"line":338,"column":6},"end":{"line":340,"column":8}},"142":{"start":{"line":339,"column":8},"end":{"line":339,"column":53}},"143":{"start":{"line":344,"column":21},"end":{"line":344,"column":36}},"144":{"start":{"line":345,"column":4},"end":{"line":347,"column":5}},"145":{"start":{"line":346,"column":6},"end":{"line":346,"column":53}},"146":{"start":{"line":349,"column":4},"end":{"line":356,"column":7}},"147":{"start":{"line":359,"column":4},"end":{"line":359,"column":119}},"148":{"start":{"line":360,"column":4},"end":{"line":360,"column":155}},"149":{"start":{"line":369,"column":0},"end":{"line":386,"column":3}},"150":{"start":{"line":370,"column":2},"end":{"line":385,"column":3}},"151":{"start":{"line":371,"column":26},"end":{"line":379,"column":7}},"152":{"start":{"line":371,"column":98},"end":{"line":379,"column":5}},"153":{"start":{"line":381,"column":4},"end":{"line":381,"column":32}},"154":{"start":{"line":383,"column":4},"end":{"line":383,"column":62}},"155":{"start":{"line":384,"column":4},"end":{"line":384,"column":91}},"156":{"start":{"line":389,"column":0},"end":{"line":389,"column":21}},"157":{"start":{"line":392,"column":0},"end":{"line":397,"column":1}},"158":{"start":{"line":393,"column":15},"end":{"line":393,"column":39}},"159":{"start":{"line":394,"column":17},"end":{"line":396,"column":4}},"160":{"start":{"line":395,"column":4},"end":{"line":395,"column":63}}},"fnMap":{"0":{"name":"(anonymous_0)","decl":{"start":{"line":12,"column":33},"end":{"line":12,"column":34}},"loc":{"start":{"line":12,"column":54},"end":{"line":15,"column":1}},"line":12},"1":{"name":"(anonymous_1)","decl":{"start":{"line":18,"column":32},"end":{"line":18,"column":33}},"loc":{"start":{"line":18,"column":43},"end":{"line":22,"column":1}},"line":18},"2":{"name":"(anonymous_2)","decl":{"start":{"line":31,"column":19},"end":{"line":31,"column":20}},"loc":{"start":{"line":31,"column":33},"end":{"line":33,"column":1}},"line":31},"3":{"name":"(anonymous_3)","decl":{"start":{"line":41,"column":24},"end":{"line":41,"column":25}},"loc":{"start":{"line":41,"column":38},"end":{"line":49,"column":1}},"line":41},"4":{"name":"(anonymous_4)","decl":{"start":{"line":60,"column":43},"end":{"line":60,"column":44}},"loc":{"start":{"line":60,"column":63},"end":{"line":74,"column":1}},"line":60},"5":{"name":"(anonymous_5)","decl":{"start":{"line":84,"column":46},"end":{"line":84,"column":47}},"loc":{"start":{"line":84,"column":66},"end":{"line":96,"column":1}},"line":84},"6":{"name":"(anonymous_6)","decl":{"start":{"line":106,"column":43},"end":{"line":106,"column":44}},"loc":{"start":{"line":106,"column":63},"end":{"line":118,"column":1}},"line":106},"7":{"name":"(anonymous_7)","decl":{"start":{"line":129,"column":72},"end":{"line":129,"column":73}},"loc":{"start":{"line":129,"column":92},"end":{"line":141,"column":1}},"line":129},"8":{"name":"(anonymous_8)","decl":{"start":{"line":152,"column":70},"end":{"line":152,"column":71}},"loc":{"start":{"line":152,"column":90},"end":{"line":165,"column":1}},"line":152},"9":{"name":"(anonymous_9)","decl":{"start":{"line":180,"column":71},"end":{"line":180,"column":72}},"loc":{"start":{"line":180,"column":91},"end":{"line":209,"column":1}},"line":180},"10":{"name":"(anonymous_10)","decl":{"start":{"line":223,"column":81},"end":{"line":223,"column":82}},"loc":{"start":{"line":223,"column":101},"end":{"line":272,"column":1}},"line":223},"11":{"name":"(anonymous_11)","decl":{"start":{"line":239,"column":92},"end":{"line":239,"column":93}},"loc":{"start":{"line":239,"column":102},"end":{"line":250,"column":5}},"line":239},"12":{"name":"(anonymous_12)","decl":{"start":{"line":283,"column":83},"end":{"line":283,"column":84}},"loc":{"start":{"line":283,"column":103},"end":{"line":308,"column":1}},"line":283},"13":{"name":"(anonymous_13)","decl":{"start":{"line":320,"column":84},"end":{"line":320,"column":85}},"loc":{"start":{"line":320,"column":98},"end":{"line":362,"column":1}},"line":320},"14":{"name":"(anonymous_14)","decl":{"start":{"line":338,"column":43},"end":{"line":338,"column":44}},"loc":{"start":{"line":339,"column":8},"end":{"line":339,"column":53}},"line":339},"15":{"name":"(anonymous_15)","decl":{"start":{"line":369,"column":30},"end":{"line":369,"column":31}},"loc":{"start":{"line":369,"column":44},"end":{"line":386,"column":1}},"line":369},"16":{"name":"(anonymous_16)","decl":{"start":{"line":371,"column":72},"end":{"line":371,"column":73}},"loc":{"start":{"line":371,"column":98},"end":{"line":379,"column":5}},"line":371},"17":{"name":"(anonymous_17)","decl":{"start":{"line":394,"column":34},"end":{"line":394,"column":35}},"loc":{"start":{"line":394,"column":40},"end":{"line":396,"column":3}},"line":394}},"branchMap":{"0":{"loc":{"start":{"line":70,"column":4},"end":{"line":71,"column":195}},"type":"if","locations":[{"start":{"line":70,"column":4},"end":{"line":71,"column":195}},{"start":{"line":71,"column":9},"end":{"line":71,"column":195}}],"line":70},"1":{"loc":{"start":{"line":71,"column":9},"end":{"line":71,"column":195}},"type":"if","locations":[{"start":{"line":71,"column":9},"end":{"line":71,"column":195}},{"start":{},"end":{}}],"line":71},"2":{"loc":{"start":{"line":71,"column":13},"end":{"line":71,"column":175}},"type":"binary-expr","locations":[{"start":{"line":71,"column":13},"end":{"line":71,"column":56}},{"start":{"line":71,"column":60},"end":{"line":71,"column":96}},{"start":{"line":71,"column":100},"end":{"line":71,"column":175}}],"line":71},"3":{"loc":{"start":{"line":93,"column":4},"end":{"line":93,"column":105}},"type":"if","locations":[{"start":{"line":93,"column":4},"end":{"line":93,"column":105}},{"start":{},"end":{}}],"line":93},"4":{"loc":{"start":{"line":93,"column":8},"end":{"line":93,"column":86}},"type":"binary-expr","locations":[{"start":{"line":93,"column":8},"end":{"line":93,"column":43}},{"start":{"line":93,"column":47},"end":{"line":93,"column":86}}],"line":93},"5":{"loc":{"start":{"line":115,"column":4},"end":{"line":115,"column":66}},"type":"if","locations":[{"start":{"line":115,"column":4},"end":{"line":115,"column":66}},{"start":{},"end":{}}],"line":115},"6":{"loc":{"start":{"line":138,"column":4},"end":{"line":138,"column":113}},"type":"if","locations":[{"start":{"line":138,"column":4},"end":{"line":138,"column":113}},{"start":{},"end":{}}],"line":138},"7":{"loc":{"start":{"line":138,"column":8},"end":{"line":138,"column":94}},"type":"binary-expr","locations":[{"start":{"line":138,"column":8},"end":{"line":138,"column":47}},{"start":{"line":138,"column":51},"end":{"line":138,"column":94}}],"line":138},"8":{"loc":{"start":{"line":162,"column":4},"end":{"line":162,"column":162}},"type":"if","locations":[{"start":{"line":162,"column":4},"end":{"line":162,"column":162}},{"start":{},"end":{}}],"line":162},"9":{"loc":{"start":{"line":162,"column":8},"end":{"line":162,"column":143}},"type":"binary-expr","locations":[{"start":{"line":162,"column":8},"end":{"line":162,"column":47}},{"start":{"line":162,"column":51},"end":{"line":162,"column":101}},{"start":{"line":162,"column":105},"end":{"line":162,"column":143}}],"line":162},"10":{"loc":{"start":{"line":185,"column":2},"end":{"line":187,"column":3}},"type":"if","locations":[{"start":{"line":185,"column":2},"end":{"line":187,"column":3}},{"start":{},"end":{}}],"line":185},"11":{"loc":{"start":{"line":189,"column":2},"end":{"line":195,"column":3}},"type":"if","locations":[{"start":{"line":189,"column":2},"end":{"line":195,"column":3}},{"start":{},"end":{}}],"line":189},"12":{"loc":{"start":{"line":189,"column":6},"end":{"line":189,"column":90}},"type":"binary-expr","locations":[{"start":{"line":189,"column":6},"end":{"line":189,"column":31}},{"start":{"line":189,"column":35},"end":{"line":189,"column":64}},{"start":{"line":189,"column":68},"end":{"line":189,"column":90}}],"line":189},"13":{"loc":{"start":{"line":192,"column":6},"end":{"line":194,"column":7}},"type":"if","locations":[{"start":{"line":192,"column":6},"end":{"line":194,"column":7}},{"start":{},"end":{}}],"line":192},"14":{"loc":{"start":{"line":192,"column":10},"end":{"line":192,"column":87}},"type":"binary-expr","locations":[{"start":{"line":192,"column":10},"end":{"line":192,"column":26}},{"start":{"line":192,"column":31},"end":{"line":192,"column":53}},{"start":{"line":192,"column":57},"end":{"line":192,"column":86}}],"line":192},"15":{"loc":{"start":{"line":200,"column":93},"end":{"line":200,"column":117}},"type":"binary-expr","locations":[{"start":{"line":200,"column":93},"end":{"line":200,"column":108}},{"start":{"line":200,"column":112},"end":{"line":200,"column":117}}],"line":200},"16":{"loc":{"start":{"line":205,"column":4},"end":{"line":206,"column":80}},"type":"if","locations":[{"start":{"line":205,"column":4},"end":{"line":206,"column":80}},{"start":{"line":206,"column":9},"end":{"line":206,"column":80}}],"line":205},"17":{"loc":{"start":{"line":205,"column":8},"end":{"line":205,"column":143}},"type":"binary-expr","locations":[{"start":{"line":205,"column":8},"end":{"line":205,"column":47}},{"start":{"line":205,"column":51},"end":{"line":205,"column":101}},{"start":{"line":205,"column":105},"end":{"line":205,"column":143}}],"line":205},"18":{"loc":{"start":{"line":206,"column":9},"end":{"line":206,"column":80}},"type":"if","locations":[{"start":{"line":206,"column":9},"end":{"line":206,"column":80}},{"start":{},"end":{}}],"line":206},"19":{"loc":{"start":{"line":231,"column":4},"end":{"line":233,"column":5}},"type":"if","locations":[{"start":{"line":231,"column":4},"end":{"line":233,"column":5}},{"start":{},"end":{}}],"line":231},"20":{"loc":{"start":{"line":247,"column":6},"end":{"line":249,"column":7}},"type":"if","locations":[{"start":{"line":247,"column":6},"end":{"line":249,"column":7}},{"start":{},"end":{}}],"line":247},"21":{"loc":{"start":{"line":269,"column":4},"end":{"line":269,"column":161}},"type":"if","locations":[{"start":{"line":269,"column":4},"end":{"line":269,"column":161}},{"start":{},"end":{}}],"line":269},"22":{"loc":{"start":{"line":269,"column":8},"end":{"line":269,"column":142}},"type":"binary-expr","locations":[{"start":{"line":269,"column":8},"end":{"line":269,"column":47}},{"start":{"line":269,"column":51},"end":{"line":269,"column":101}},{"start":{"line":269,"column":105},"end":{"line":269,"column":142}}],"line":269},"23":{"loc":{"start":{"line":291,"column":4},"end":{"line":293,"column":5}},"type":"if","locations":[{"start":{"line":291,"column":4},"end":{"line":293,"column":5}},{"start":{},"end":{}}],"line":291},"24":{"loc":{"start":{"line":305,"column":4},"end":{"line":305,"column":120}},"type":"if","locations":[{"start":{"line":305,"column":4},"end":{"line":305,"column":120}},{"start":{},"end":{}}],"line":305},"25":{"loc":{"start":{"line":305,"column":8},"end":{"line":305,"column":101}},"type":"binary-expr","locations":[{"start":{"line":305,"column":8},"end":{"line":305,"column":47}},{"start":{"line":305,"column":51},"end":{"line":305,"column":101}}],"line":305},"26":{"loc":{"start":{"line":322,"column":17},"end":{"line":322,"column":27}},"type":"default-arg","locations":[{"start":{"line":322,"column":25},"end":{"line":322,"column":27}}],"line":322},"27":{"loc":{"start":{"line":329,"column":4},"end":{"line":331,"column":5}},"type":"if","locations":[{"start":{"line":329,"column":4},"end":{"line":331,"column":5}},{"start":{},"end":{}}],"line":329},"28":{"loc":{"start":{"line":336,"column":4},"end":{"line":341,"column":5}},"type":"if","locations":[{"start":{"line":336,"column":4},"end":{"line":341,"column":5}},{"start":{},"end":{}}],"line":336},"29":{"loc":{"start":{"line":345,"column":4},"end":{"line":347,"column":5}},"type":"if","locations":[{"start":{"line":345,"column":4},"end":{"line":347,"column":5}},{"start":{},"end":{}}],"line":345},"30":{"loc":{"start":{"line":377,"column":24},"end":{"line":378,"column":74}},"type":"cond-expr","locations":[{"start":{"line":378,"column":8},"end":{"line":378,"column":67}},{"start":{"line":378,"column":70},"end":{"line":378,"column":74}}],"line":377},"31":{"loc":{"start":{"line":392,"column":0},"end":{"line":397,"column":1}},"type":"if","locations":[{"start":{"line":392,"column":0},"end":{"line":397,"column":1}},{"start":{},"end":{}}],"line":392},"32":{"loc":{"start":{"line":393,"column":15},"end":{"line":393,"column":39}},"type":"binary-expr","locations":[{"start":{"line":393,"column":15},"end":{"line":393,"column":31}},{"start":{"line":393,"column":35},"end":{"line":393,"column":39}}],"line":393}},"s":{"0":1,"1":1,"2":1,"3":0,"4":1,"5":0,"6":0,"7":1,"8":1,"9":1,"10":1,"11":0,"12":1,"13":2,"14":2,"15":1,"16":1,"17":1,"18":1,"19":4,"20":4,"21":4,"22":4,"23":1,"24":3,"25":3,"26":3,"27":1,"28":2,"29":1,"30":3,"31":1,"32":3,"33":3,"34":3,"35":3,"36":1,"37":2,"38":2,"39":2,"40":1,"41":2,"42":1,"43":3,"44":3,"45":3,"46":3,"47":1,"48":2,"49":2,"50":2,"51":1,"52":2,"53":1,"54":4,"55":4,"56":4,"57":4,"58":1,"59":3,"60":3,"61":3,"62":2,"63":3,"64":1,"65":0,"66":0,"67":0,"68":0,"69":0,"70":0,"71":0,"72":0,"73":0,"74":0,"75":1,"76":0,"77":0,"78":0,"79":0,"80":0,"81":0,"82":0,"83":0,"84":0,"85":0,"86":0,"87":0,"88":0,"89":0,"90":0,"91":0,"92":0,"93":0,"94":1,"95":1,"96":0,"97":0,"98":0,"99":0,"100":0,"101":0,"102":0,"103":0,"104":0,"105":0,"106":0,"107":0,"108":0,"109":0,"110":0,"111":0,"112":0,"113":0,"114":1,"115":0,"116":0,"117":0,"118":0,"119":0,"120":0,"121":0,"122":0,"123":0,"124":0,"125":0,"126":0,"127":0,"128":0,"129":1,"130":0,"131":0,"132":0,"133":0,"134":0,"135":0,"136":0,"137":0,"138":0,"139":0,"140":0,"141":0,"142":0,"143":0,"144":0,"145":0,"146":0,"147":0,"148":0,"149":1,"150":0,"151":0,"152":0,"153":0,"154":0,"155":0,"156":1,"157":1,"158":0,"159":0,"160":0},"f":{"0":0,"1":0,"2":0,"3":2,"4":4,"5":3,"6":3,"7":4,"8":0,"9":0,"10":0,"11":0,"12":0,"13":0,"14":0,"15":0,"16":0,"17":0},"b":{"0":[1,2],"1":[1,1],"2":[2,1,1],"3":[1,1],"4":[2,2],"5":[1,1],"6":[2,1],"7":[3,2],"8":[0,0],"9":[0,0,0],"10":[0,0],"11":[0,0],"12":[0,0,0],"13":[0,0],"14":[0,0,0],"15":[0,0],"16":[0,0],"17":[0,0,0],"18":[0,0],"19":[0,0],"20":[0,0],"21":[0,0],"22":[0,0,0],"23":[0,0],"24":[0,0],"25":[0,0],"26":[0],"27":[0,0],"28":[0,0],"29":[0,0],"30":[0,0],"31":[0,1],"32":[0,0]},"_coverageSchema":"1a1c01bbd47fc00a2c39e90264f33305004495a9","hash":"49bc8add1840630c893e90f6d8e8b345229d68b4"}
}
