TN:
SF:ble-manager.js
FN:17,(anonymous_0)
FN:27,(anonymous_1)
FN:32,(anonymous_2)
FN:37,(anonymous_3)
FN:39,(anonymous_4)
FN:51,getDiscoveredPeripherals
FN:52,(anonymous_6)
FN:72,connectDevice
FN:73,(anonymous_8)
FN:91,(anonymous_9)
FN:92,(anonymous_10)
FN:101,(anonymous_11)
FN:108,(anonymous_12)
FN:113,(anonymous_13)
FN:122,(anonymous_14)
FN:136,(anonymous_15)
FN:154,disconnectDevice
FN:163,(anonymous_17)
FN:165,(anonymous_18)
FN:172,(anonymous_19)
FN:190,getServices
FN:199,(anonymous_21)
FN:200,(anonymous_22)
FN:204,(anonymous_23)
FN:209,(anonymous_24)
FN:221,getCharacteristics
FN:230,(anonymous_26)
FN:238,(anonymous_27)
FN:250,readCharacteristic
FN:261,(anonymous_29)
FN:277,(anonymous_30)
FN:278,(anonymous_31)
FN:298,writeCharacteristic
FN:309,(anonymous_33)
FN:349,(anonymous_34)
FN:350,(anonymous_35)
FN:368,subscribeToCharacteristic
FN:379,(anonymous_37)
FN:397,(anonymous_38)
FN:399,(anonymous_39)
FN:410,(anonymous_40)
FN:432,unsubscribeFromCharacteristic
FN:443,(anonymous_42)
FN:453,(anonymous_43)
FN:455,(anonymous_44)
FNF:45
FNH:39
FNDA:3,(anonymous_0)
FNDA:2,(anonymous_1)
FNDA:1,(anonymous_2)
FNDA:9,(anonymous_3)
FNDA:0,(anonymous_4)
FNDA:1,getDiscoveredPeripherals
FNDA:1,(anonymous_6)
FNDA:9,connectDevice
FNDA:8,(anonymous_8)
FNDA:8,(anonymous_9)
FNDA:8,(anonymous_10)
FNDA:8,(anonymous_11)
FNDA:6,(anonymous_12)
FNDA:0,(anonymous_13)
FNDA:0,(anonymous_14)
FNDA:8,(anonymous_15)
FNDA:1,disconnectDevice
FNDA:1,(anonymous_17)
FNDA:1,(anonymous_18)
FNDA:1,(anonymous_19)
FNDA:1,getServices
FNDA:0,(anonymous_21)
FNDA:0,(anonymous_22)
FNDA:0,(anonymous_23)
FNDA:1,(anonymous_24)
FNDA:1,getCharacteristics
FNDA:1,(anonymous_26)
FNDA:1,(anonymous_27)
FNDA:1,readCharacteristic
FNDA:1,(anonymous_29)
FNDA:1,(anonymous_30)
FNDA:1,(anonymous_31)
FNDA:1,writeCharacteristic
FNDA:1,(anonymous_33)
FNDA:1,(anonymous_34)
FNDA:1,(anonymous_35)
FNDA:2,subscribeToCharacteristic
FNDA:2,(anonymous_37)
FNDA:2,(anonymous_38)
FNDA:1,(anonymous_39)
FNDA:2,(anonymous_40)
FNDA:1,unsubscribeFromCharacteristic
FNDA:1,(anonymous_42)
FNDA:1,(anonymous_43)
FNDA:1,(anonymous_44)
DA:7,2
DA:9,2
DA:12,2
DA:14,2
DA:17,2
DA:18,3
DA:19,3
DA:20,2
DA:22,1
DA:27,2
DA:28,2
DA:32,2
DA:33,1
DA:37,2
DA:39,9
DA:40,9
DA:41,9
DA:52,1
DA:73,9
DA:75,9
DA:76,1
DA:80,8
DA:81,0
DA:82,0
DA:84,0
DA:86,0
DA:89,8
DA:91,8
DA:92,8
DA:94,8
DA:95,8
DA:97,8
DA:98,8
DA:101,8
DA:102,8
DA:103,0
DA:105,0
DA:106,0
DA:108,8
DA:109,8
DA:113,8
DA:115,0
DA:116,0
DA:117,0
DA:118,0
DA:119,0
DA:122,8
DA:124,0
DA:125,0
DA:126,0
DA:127,0
DA:131,8
DA:132,8
DA:133,8
DA:136,8
DA:137,8
DA:139,0
DA:155,1
DA:157,1
DA:158,0
DA:161,1
DA:163,1
DA:165,1
DA:166,1
DA:167,1
DA:168,1
DA:172,1
DA:173,1
DA:174,0
DA:175,0
DA:191,1
DA:192,1
DA:193,0
DA:196,1
DA:197,0
DA:199,0
DA:200,0
DA:201,0
DA:202,0
DA:204,0
DA:209,1
DA:222,1
DA:223,1
DA:224,0
DA:226,1
DA:227,0
DA:230,1
DA:231,1
DA:232,0
DA:234,1
DA:235,0
DA:238,1
DA:251,1
DA:252,1
DA:253,0
DA:257,1
DA:258,1
DA:259,1
DA:260,1
DA:261,1
DA:262,1
DA:267,1
DA:268,0
DA:272,1
DA:273,0
DA:277,1
DA:278,1
DA:279,1
DA:280,0
DA:282,1
DA:299,1
DA:300,1
DA:301,0
DA:305,1
DA:306,1
DA:307,1
DA:308,1
DA:309,1
DA:310,1
DA:315,1
DA:316,0
DA:320,1
DA:321,1
DA:323,1
DA:324,0
DA:327,1
DA:329,1
DA:330,0
DA:331,0
DA:332,0
DA:334,0
DA:336,1
DA:337,0
DA:338,0
DA:339,0
DA:341,0
DA:346,1
DA:349,1
DA:350,1
DA:351,1
DA:352,0
DA:354,1
DA:369,2
DA:370,2
DA:371,0
DA:375,2
DA:376,2
DA:377,2
DA:378,2
DA:379,2
DA:380,2
DA:385,2
DA:386,0
DA:390,2
DA:391,2
DA:393,2
DA:394,0
DA:397,2
DA:399,2
DA:400,1
DA:401,1
DA:410,2
DA:411,2
DA:412,0
DA:414,2
DA:433,1
DA:434,1
DA:435,0
DA:439,1
DA:440,1
DA:441,1
DA:442,1
DA:443,1
DA:444,1
DA:449,1
DA:450,0
DA:453,1
DA:455,1
DA:456,1
DA:457,0
DA:461,1
DA:463,1
DA:472,2
LF:183
LH:129
BRDA:19,0,0,2
BRDA:19,0,1,1
BRDA:39,1,0,9
BRDA:39,1,1,0
BRDA:40,2,0,9
BRDA:40,2,1,0
BRDA:75,3,0,1
BRDA:75,3,1,8
BRDA:80,4,0,0
BRDA:80,4,1,8
BRDA:80,5,0,8
BRDA:80,5,1,8
BRDA:81,6,0,0
BRDA:81,6,1,0
BRDA:81,7,0,0
BRDA:81,7,1,0
BRDA:102,8,0,0
BRDA:102,8,1,8
BRDA:137,9,0,0
BRDA:137,9,1,8
BRDA:157,10,0,0
BRDA:157,10,1,1
BRDA:173,11,0,0
BRDA:173,11,1,1
BRDA:192,12,0,0
BRDA:192,12,1,1
BRDA:196,13,0,0
BRDA:196,13,1,1
BRDA:201,14,0,0
BRDA:201,14,1,0
BRDA:223,15,0,0
BRDA:223,15,1,1
BRDA:226,16,0,0
BRDA:226,16,1,1
BRDA:231,17,0,0
BRDA:231,17,1,1
BRDA:234,18,0,0
BRDA:234,18,1,1
BRDA:252,19,0,0
BRDA:252,19,1,1
BRDA:258,20,0,1
BRDA:258,20,1,0
BRDA:260,21,0,1
BRDA:260,21,1,0
BRDA:262,22,0,1
BRDA:262,22,1,0
BRDA:267,23,0,0
BRDA:267,23,1,1
BRDA:272,24,0,0
BRDA:272,24,1,1
BRDA:272,25,0,1
BRDA:272,25,1,1
BRDA:279,26,0,0
BRDA:279,26,1,1
BRDA:282,27,0,1
BRDA:282,27,1,0
BRDA:298,28,0,1
BRDA:300,29,0,0
BRDA:300,29,1,1
BRDA:306,30,0,1
BRDA:306,30,1,0
BRDA:308,31,0,1
BRDA:308,31,1,0
BRDA:310,32,0,1
BRDA:310,32,1,0
BRDA:315,33,0,0
BRDA:315,33,1,1
BRDA:320,34,0,1
BRDA:320,34,1,1
BRDA:321,35,0,1
BRDA:321,35,1,1
BRDA:323,36,0,0
BRDA:323,36,1,1
BRDA:323,37,0,1
BRDA:323,37,1,0
BRDA:329,38,0,0
BRDA:329,38,1,1
BRDA:329,39,0,1
BRDA:329,39,1,0
BRDA:331,40,0,0
BRDA:331,40,1,0
BRDA:336,41,0,0
BRDA:336,41,1,1
BRDA:336,42,0,1
BRDA:336,42,1,1
BRDA:337,43,0,0
BRDA:337,43,1,0
BRDA:351,44,0,0
BRDA:351,44,1,1
BRDA:370,45,0,0
BRDA:370,45,1,2
BRDA:376,46,0,2
BRDA:376,46,1,0
BRDA:378,47,0,2
BRDA:378,47,1,0
BRDA:380,48,0,2
BRDA:380,48,1,0
BRDA:385,49,0,0
BRDA:385,49,1,2
BRDA:390,50,0,2
BRDA:390,50,1,2
BRDA:391,51,0,2
BRDA:391,51,1,2
BRDA:393,52,0,0
BRDA:393,52,1,2
BRDA:393,53,0,2
BRDA:393,53,1,0
BRDA:400,54,0,1
BRDA:400,54,1,0
BRDA:411,55,0,0
BRDA:411,55,1,2
BRDA:434,56,0,0
BRDA:434,56,1,1
BRDA:440,57,0,1
BRDA:440,57,1,0
BRDA:442,58,0,1
BRDA:442,58,1,0
BRDA:444,59,0,1
BRDA:444,59,1,0
BRDA:449,60,0,0
BRDA:449,60,1,1
BRDA:456,61,0,0
BRDA:456,61,1,1
BRF:123
BRH:66
end_of_record
TN:
SF:server.js
FN:12,(anonymous_0)
FN:18,(anonymous_1)
FN:31,(anonymous_2)
FN:41,(anonymous_3)
FN:60,(anonymous_4)
FN:84,(anonymous_5)
FN:106,(anonymous_6)
FN:129,(anonymous_7)
FN:152,(anonymous_8)
FN:180,(anonymous_9)
FN:223,(anonymous_10)
FN:239,(anonymous_11)
FN:283,(anonymous_12)
FN:320,(anonymous_13)
FN:338,(anonymous_14)
FN:369,(anonymous_15)
FN:371,(anonymous_16)
FN:394,(anonymous_17)
FNF:18
FNH:5
FNDA:0,(anonymous_0)
FNDA:0,(anonymous_1)
FNDA:0,(anonymous_2)
FNDA:2,(anonymous_3)
FNDA:4,(anonymous_4)
FNDA:3,(anonymous_5)
FNDA:3,(anonymous_6)
FNDA:4,(anonymous_7)
FNDA:0,(anonymous_8)
FNDA:0,(anonymous_9)
FNDA:0,(anonymous_10)
FNDA:0,(anonymous_11)
FNDA:0,(anonymous_12)
FNDA:0,(anonymous_13)
FNDA:0,(anonymous_14)
FNDA:0,(anonymous_15)
FNDA:0,(anonymous_16)
FNDA:0,(anonymous_17)
DA:7,1
DA:8,1
DA:12,1
DA:13,0
DA:18,1
DA:19,0
DA:21,0
DA:24,1
DA:27,1
DA:30,1
DA:31,1
DA:32,0
DA:41,1
DA:42,2
DA:43,2
DA:44,1
DA:46,1
DA:47,1
DA:60,1
DA:61,4
DA:62,4
DA:63,4
DA:64,4
DA:65,1
DA:67,3
DA:69,3
DA:70,3
DA:71,2
DA:72,3
DA:84,1
DA:85,3
DA:86,3
DA:87,3
DA:88,3
DA:89,1
DA:91,2
DA:92,2
DA:93,2
DA:94,2
DA:106,1
DA:107,3
DA:108,3
DA:109,3
DA:110,3
DA:111,1
DA:113,2
DA:114,2
DA:115,2
DA:116,2
DA:129,1
DA:130,4
DA:131,4
DA:132,4
DA:133,4
DA:134,1
DA:136,3
DA:137,3
DA:138,3
DA:139,3
DA:152,1
DA:153,0
DA:154,0
DA:155,0
DA:156,0
DA:157,0
DA:160,0
DA:161,0
DA:162,0
DA:163,0
DA:180,1
DA:181,0
DA:182,0
DA:185,0
DA:186,0
DA:189,0
DA:192,0
DA:193,0
DA:198,0
DA:199,0
DA:200,0
DA:201,0
DA:203,0
DA:204,0
DA:205,0
DA:206,0
DA:207,0
DA:212,1
DA:223,1
DA:224,0
DA:225,0
DA:227,0
DA:228,0
DA:231,0
DA:232,0
DA:236,0
DA:239,0
DA:241,0
DA:247,0
DA:248,0
DA:253,0
DA:260,0
DA:267,0
DA:268,0
DA:269,0
DA:270,0
DA:283,1
DA:284,0
DA:285,0
DA:287,0
DA:288,0
DA:291,0
DA:292,0
DA:295,0
DA:298,0
DA:300,0
DA:303,0
DA:304,0
DA:305,0
DA:306,0
DA:320,1
DA:321,0
DA:322,0
DA:323,0
DA:325,0
DA:326,0
DA:328,0
DA:329,0
DA:330,0
DA:333,0
DA:336,0
DA:337,0
DA:338,0
DA:339,0
DA:344,0
DA:345,0
DA:346,0
DA:349,0
DA:359,0
DA:360,0
DA:369,1
DA:370,0
DA:371,0
DA:381,0
DA:383,0
DA:384,0
DA:389,1
DA:392,1
DA:393,0
DA:394,0
DA:395,0
LF:150
LH:64
BRDA:70,0,0,1
BRDA:70,0,1,2
BRDA:71,1,0,1
BRDA:71,1,1,1
BRDA:71,2,0,2
BRDA:71,2,1,1
BRDA:71,2,2,1
BRDA:93,3,0,1
BRDA:93,3,1,1
BRDA:93,4,0,2
BRDA:93,4,1,2
BRDA:115,5,0,1
BRDA:115,5,1,1
BRDA:138,6,0,2
BRDA:138,6,1,1
BRDA:138,7,0,3
BRDA:138,7,1,2
BRDA:162,8,0,0
BRDA:162,8,1,0
BRDA:162,9,0,0
BRDA:162,9,1,0
BRDA:162,9,2,0
BRDA:185,10,0,0
BRDA:185,10,1,0
BRDA:189,11,0,0
BRDA:189,11,1,0
BRDA:189,12,0,0
BRDA:189,12,1,0
BRDA:189,12,2,0
BRDA:192,13,0,0
BRDA:192,13,1,0
BRDA:192,14,0,0
BRDA:192,14,1,0
BRDA:192,14,2,0
BRDA:200,15,0,0
BRDA:200,15,1,0
BRDA:205,16,0,0
BRDA:205,16,1,0
BRDA:205,17,0,0
BRDA:205,17,1,0
BRDA:205,17,2,0
BRDA:206,18,0,0
BRDA:206,18,1,0
BRDA:231,19,0,0
BRDA:231,19,1,0
BRDA:247,20,0,0
BRDA:247,20,1,0
BRDA:269,21,0,0
BRDA:269,21,1,0
BRDA:269,22,0,0
BRDA:269,22,1,0
BRDA:269,22,2,0
BRDA:291,23,0,0
BRDA:291,23,1,0
BRDA:305,24,0,0
BRDA:305,24,1,0
BRDA:305,25,0,0
BRDA:305,25,1,0
BRDA:322,26,0,0
BRDA:329,27,0,0
BRDA:329,27,1,0
BRDA:336,28,0,0
BRDA:336,28,1,0
BRDA:345,29,0,0
BRDA:345,29,1,0
BRDA:377,30,0,0
BRDA:377,30,1,0
BRDA:392,31,0,0
BRDA:392,31,1,1
BRDA:393,32,0,0
BRDA:393,32,1,0
BRF:71
BRH:18
end_of_record
